<?xml version="1.0" encoding="UTF-8"?>
<!-- Generated by org.testng.reporters.JUnitXMLReporter -->
<testsuite hostname="DELL" name="AdminLTEfull" tests="16" failures="2" timestamp="26 Oct 2018 18:37:41 GMT" time="211.439" errors="0">
  <testcase name="loginPagetitle" time="0.023" classname="com.Admin.QA.test.LoginPageTest"/>
  <testcase name="loginpageSubTitle" time="0.1" classname="com.Admin.QA.test.LoginPageTest"/>
  <testcase name="email_placeholder" time="0.071" classname="com.Admin.QA.test.LoginPageTest"/>
  <testcase name="password_placeholder" time="0.07" classname="com.Admin.QA.test.LoginPageTest"/>
  <testcase name="verifyloginPageTextBox" time="0.261" classname="com.Admin.QA.test.LoginPageTest"/>
  <testcase name="verifyloginPageTextBox" time="1.393" classname="com.Admin.QA.test.LoginPageTest"/>
  <testcase name="verifyloginPageTextBox" time="0.869" classname="com.Admin.QA.test.LoginPageTest">
    <failure type="java.lang.AssertionError" message="expected [Please enter email as kiran@gmail.com] but found []">
      <![CDATA[java.lang.AssertionError: expected [Please enter email as kiran@gmail.com] but found []
	at com.Admin.QA.test.LoginPageTest.verifyloginPageTextBox(LoginPageTest.java:79)
... Removed 29 stack frames]]>
    </failure>
  </testcase> <!-- verifyloginPageTextBox -->
  <testcase name="veryfylogin" time="2.572" classname="com.Admin.QA.test.LoginPageTest"/>
  <testcase name="verifyRegLink" time="0.316" classname="com.Admin.QA.test.LoginPageTest"/>
  <testcase name="verifyPageTitle" time="0.016" classname="com.Admin.QA.test.RegistrationPageTest"/>
  <testcase name="verifySubTitle" time="0.035" classname="com.Admin.QA.test.RegistrationPageTest"/>
  <testcase name="verifyLabel" time="0.099" classname="com.Admin.QA.test.RegistrationPageTest">
    <failure type="java.lang.AssertionError" message="expected [Register a new membershi] but found [Register a new membership]">
      <![CDATA[java.lang.AssertionError: expected [Register a new membershi] but found [Register a new membership]
	at com.Admin.QA.test.RegistrationPageTest.verifyLabel(RegistrationPageTest.java:46)
... Removed 29 stack frames]]>
    </failure>
  </testcase> <!-- verifyLabel -->
  <testcase name="verifyPaceholders" time="0.087" classname="com.Admin.QA.test.RegistrationPageTest"/>
  <testcase name="verifyErrorMsg" time="0.448" classname="com.Admin.QA.test.RegistrationPageTest"/>
  <testcase name="verifyRegistration" time="1.615" classname="com.Admin.QA.test.RegistrationPageTest"/>
  <testcase name="verifyAlreadyMembersLink" time="0.198" classname="com.Admin.QA.test.RegistrationPageTest"/>
</testsuite> <!-- AdminLTEfull -->
