<html>
<head>
<title>TestNG:  AdminLTEfull</title>
<link href="../testng.css" rel="stylesheet" type="text/css" />
<link href="../my-testng.css" rel="stylesheet" type="text/css" />

<style type="text/css">
.log { display: none;} 
.stack-trace { display: none;} 
</style>
<script type="text/javascript">
<!--
function flip(e) {
  current = e.style.display;
  if (current == 'block') {
    e.style.display = 'none';
    return 0;
  }
  else {
    e.style.display = 'block';
    return 1;
  }
}

function toggleBox(szDivId, elem, msg1, msg2)
{
  var res = -1;  if (document.getElementById) {
    res = flip(document.getElementById(szDivId));
  }
  else if (document.all) {
    // this is the way old msie versions work
    res = flip(document.all[szDivId]);
  }
  if(elem) {
    if(res == 0) elem.innerHTML = msg1; else elem.innerHTML = msg2;
  }

}

function toggleAllBoxes() {
  if (document.getElementsByTagName) {
    d = document.getElementsByTagName('div');
    for (i = 0; i < d.length; i++) {
      if (d[i].className == 'log') {
        flip(d[i]);
      }
    }
  }
}

// -->
</script>

</head>
<body>
<h2 align='center'>AdminLTEfull</h2><table border='1' align="center">
<tr>
<td>Tests passed/Failed/Skipped:</td><td>14/2/0</td>
</tr><tr>
<td>Started on:</td><td>Sat Oct 27 00:04:10 IST 2018</td>
</tr>
<tr><td>Total time:</td><td>211 seconds (211439 ms)</td>
</tr><tr>
<td>Included groups:</td><td></td>
</tr><tr>
<td>Excluded groups:</td><td></td>
</tr>
</table><p/>
<small><i>(Hover the method name to see the test class name)</i></small><p/>
<table width='100%' border='1' class='invocation-failed'>
<tr><td colspan='4' align='center'><b>FAILED TESTS</b></td></tr>
<tr><td><b>Test method</b></td>
<td width="30%"><b>Exception</b></td>
<td width="10%"><b>Time (seconds)</b></td>
<td><b>Instance</b></td>
</tr>
<tr>
<td title='com.Admin.QA.test.RegistrationPageTest.verifyLabel()'><b>verifyLabel</b><br>Test class: com.Admin.QA.test.RegistrationPageTest</td>
<td><div><pre>java.lang.AssertionError: expected [Register a new membershi] but found [Register a new membership]
	at com.Admin.QA.test.RegistrationPageTest.verifyLabel(RegistrationPageTest.java:46)
... Removed 29 stack frames</pre></div><a href='#' onClick='toggleBox("stack-trace1817789863", this, "Click to show all stack frames", "Click to hide stack frames")'>Click to show all stack frames</a>
<div class='stack-trace' id='stack-trace1817789863'><pre>java.lang.AssertionError: expected [Register a new membershi] but found [Register a new membership]
	at org.testng.Assert.fail(Assert.java:94)
	at org.testng.Assert.failNotEquals(Assert.java:494)
	at org.testng.Assert.assertEquals(Assert.java:123)
	at org.testng.Assert.assertEquals(Assert.java:176)
	at org.testng.Assert.assertEquals(Assert.java:186)
	at com.Admin.QA.test.RegistrationPageTest.verifyLabel(RegistrationPageTest.java:46)
	at sun.reflect.NativeMethodAccessorImpl.invoke0(Native Method)
	at sun.reflect.NativeMethodAccessorImpl.invoke(NativeMethodAccessorImpl.java:62)
	at sun.reflect.DelegatingMethodAccessorImpl.invoke(DelegatingMethodAccessorImpl.java:43)
	at java.lang.reflect.Method.invoke(Method.java:498)
	at org.testng.internal.MethodInvocationHelper.invokeMethod(MethodInvocationHelper.java:80)
	at org.testng.internal.Invoker.invokeMethod(Invoker.java:714)
	at org.testng.internal.Invoker.invokeTestMethod(Invoker.java:901)
	at org.testng.internal.Invoker.invokeTestMethods(Invoker.java:1231)
	at org.testng.internal.TestMethodWorker.invokeTestMethods(TestMethodWorker.java:127)
	at org.testng.internal.TestMethodWorker.run(TestMethodWorker.java:111)
	at org.testng.TestRunner.privateRun(TestRunner.java:767)
	at org.testng.TestRunner.run(TestRunner.java:617)
	at org.testng.SuiteRunner.runTest(SuiteRunner.java:334)
	at org.testng.SuiteRunner.runSequentially(SuiteRunner.java:329)
	at org.testng.SuiteRunner.privateRun(SuiteRunner.java:291)
	at org.testng.SuiteRunner.run(SuiteRunner.java:240)
	at org.testng.SuiteRunnerWorker.runSuite(SuiteRunnerWorker.java:52)
	at org.testng.SuiteRunnerWorker.run(SuiteRunnerWorker.java:86)
	at org.testng.TestNG.runSuitesSequentially(TestNG.java:1198)
	at org.testng.TestNG.runSuitesLocally(TestNG.java:1123)
	at org.testng.TestNG.run(TestNG.java:1031)
	at org.testng.remote.AbstractRemoteTestNG.run(AbstractRemoteTestNG.java:132)
	at org.testng.remote.RemoteTestNG.initAndRun(RemoteTestNG.java:230)
	at org.testng.remote.RemoteTestNG.main(RemoteTestNG.java:76)
</pre></div></td>
<td>0</td>
<td>com.Admin.QA.test.RegistrationPageTest@589838eb</td></tr>
<tr>
<td title='com.Admin.QA.test.LoginPageTest.verifyloginPageTextBox()'><b>verifyloginPageTextBox</b><br>Test class: com.Admin.QA.test.LoginPageTest<br>Parameters: kiran@gmail.com, 1234</td>
<td><div><pre>java.lang.AssertionError: expected [Please enter email as kiran@gmail.com] but found []
	at com.Admin.QA.test.LoginPageTest.verifyloginPageTextBox(LoginPageTest.java:79)
... Removed 29 stack frames</pre></div><a href='#' onClick='toggleBox("stack-trace925150995", this, "Click to show all stack frames", "Click to hide stack frames")'>Click to show all stack frames</a>
<div class='stack-trace' id='stack-trace925150995'><pre>java.lang.AssertionError: expected [Please enter email as kiran@gmail.com] but found []
	at org.testng.Assert.fail(Assert.java:94)
	at org.testng.Assert.failNotEquals(Assert.java:494)
	at org.testng.Assert.assertEquals(Assert.java:123)
	at org.testng.Assert.assertEquals(Assert.java:176)
	at org.testng.Assert.assertEquals(Assert.java:186)
	at com.Admin.QA.test.LoginPageTest.verifyloginPageTextBox(LoginPageTest.java:79)
	at sun.reflect.NativeMethodAccessorImpl.invoke0(Native Method)
	at sun.reflect.NativeMethodAccessorImpl.invoke(NativeMethodAccessorImpl.java:62)
	at sun.reflect.DelegatingMethodAccessorImpl.invoke(DelegatingMethodAccessorImpl.java:43)
	at java.lang.reflect.Method.invoke(Method.java:498)
	at org.testng.internal.MethodInvocationHelper.invokeMethod(MethodInvocationHelper.java:80)
	at org.testng.internal.Invoker.invokeMethod(Invoker.java:714)
	at org.testng.internal.Invoker.invokeTestMethod(Invoker.java:901)
	at org.testng.internal.Invoker.invokeTestMethods(Invoker.java:1231)
	at org.testng.internal.TestMethodWorker.invokeTestMethods(TestMethodWorker.java:127)
	at org.testng.internal.TestMethodWorker.run(TestMethodWorker.java:111)
	at org.testng.TestRunner.privateRun(TestRunner.java:767)
	at org.testng.TestRunner.run(TestRunner.java:617)
	at org.testng.SuiteRunner.runTest(SuiteRunner.java:334)
	at org.testng.SuiteRunner.runSequentially(SuiteRunner.java:329)
	at org.testng.SuiteRunner.privateRun(SuiteRunner.java:291)
	at org.testng.SuiteRunner.run(SuiteRunner.java:240)
	at org.testng.SuiteRunnerWorker.runSuite(SuiteRunnerWorker.java:52)
	at org.testng.SuiteRunnerWorker.run(SuiteRunnerWorker.java:86)
	at org.testng.TestNG.runSuitesSequentially(TestNG.java:1198)
	at org.testng.TestNG.runSuitesLocally(TestNG.java:1123)
	at org.testng.TestNG.run(TestNG.java:1031)
	at org.testng.remote.AbstractRemoteTestNG.run(AbstractRemoteTestNG.java:132)
	at org.testng.remote.RemoteTestNG.initAndRun(RemoteTestNG.java:230)
	at org.testng.remote.RemoteTestNG.main(RemoteTestNG.java:76)
</pre></div></td>
<td>0</td>
<td>com.Admin.QA.test.LoginPageTest@6eebc39e</td></tr>
</table><p>
<table width='100%' border='1' class='invocation-passed'>
<tr><td colspan='4' align='center'><b>PASSED TESTS</b></td></tr>
<tr><td><b>Test method</b></td>
<td width="30%"><b>Exception</b></td>
<td width="10%"><b>Time (seconds)</b></td>
<td><b>Instance</b></td>
</tr>
<tr>
<td title='com.Admin.QA.test.LoginPageTest.email_placeholder()'><b>email_placeholder</b><br>Test class: com.Admin.QA.test.LoginPageTest</td>
<td></td>
<td>0</td>
<td>com.Admin.QA.test.LoginPageTest@6eebc39e</td></tr>
<tr>
<td title='com.Admin.QA.test.LoginPageTest.loginPagetitle()'><b>loginPagetitle</b><br>Test class: com.Admin.QA.test.LoginPageTest</td>
<td></td>
<td>0</td>
<td>com.Admin.QA.test.LoginPageTest@6eebc39e</td></tr>
<tr>
<td title='com.Admin.QA.test.LoginPageTest.loginpageSubTitle()'><b>loginpageSubTitle</b><br>Test class: com.Admin.QA.test.LoginPageTest</td>
<td></td>
<td>0</td>
<td>com.Admin.QA.test.LoginPageTest@6eebc39e</td></tr>
<tr>
<td title='com.Admin.QA.test.LoginPageTest.password_placeholder()'><b>password_placeholder</b><br>Test class: com.Admin.QA.test.LoginPageTest</td>
<td></td>
<td>0</td>
<td>com.Admin.QA.test.LoginPageTest@6eebc39e</td></tr>
<tr>
<td title='com.Admin.QA.test.RegistrationPageTest.verifyAlreadyMembersLink()'><b>verifyAlreadyMembersLink</b><br>Test class: com.Admin.QA.test.RegistrationPageTest</td>
<td></td>
<td>0</td>
<td>com.Admin.QA.test.RegistrationPageTest@589838eb</td></tr>
<tr>
<td title='com.Admin.QA.test.RegistrationPageTest.verifyErrorMsg()'><b>verifyErrorMsg</b><br>Test class: com.Admin.QA.test.RegistrationPageTest</td>
<td></td>
<td>0</td>
<td>com.Admin.QA.test.RegistrationPageTest@589838eb</td></tr>
<tr>
<td title='com.Admin.QA.test.RegistrationPageTest.verifyPaceholders()'><b>verifyPaceholders</b><br>Test class: com.Admin.QA.test.RegistrationPageTest</td>
<td></td>
<td>0</td>
<td>com.Admin.QA.test.RegistrationPageTest@589838eb</td></tr>
<tr>
<td title='com.Admin.QA.test.RegistrationPageTest.verifyPageTitle()'><b>verifyPageTitle</b><br>Test class: com.Admin.QA.test.RegistrationPageTest</td>
<td></td>
<td>0</td>
<td>com.Admin.QA.test.RegistrationPageTest@589838eb</td></tr>
<tr>
<td title='com.Admin.QA.test.LoginPageTest.verifyRegLink()'><b>verifyRegLink</b><br>Test class: com.Admin.QA.test.LoginPageTest</td>
<td></td>
<td>0</td>
<td>com.Admin.QA.test.LoginPageTest@6eebc39e</td></tr>
<tr>
<td title='com.Admin.QA.test.RegistrationPageTest.verifyRegistration()'><b>verifyRegistration</b><br>Test class: com.Admin.QA.test.RegistrationPageTest</td>
<td></td>
<td>1</td>
<td>com.Admin.QA.test.RegistrationPageTest@589838eb</td></tr>
<tr>
<td title='com.Admin.QA.test.RegistrationPageTest.verifySubTitle()'><b>verifySubTitle</b><br>Test class: com.Admin.QA.test.RegistrationPageTest</td>
<td></td>
<td>0</td>
<td>com.Admin.QA.test.RegistrationPageTest@589838eb</td></tr>
<tr>
<td title='com.Admin.QA.test.LoginPageTest.verifyloginPageTextBox()'><b>verifyloginPageTextBox</b><br>Test class: com.Admin.QA.test.LoginPageTest<br>Parameters: null, null</td>
<td></td>
<td>0</td>
<td>com.Admin.QA.test.LoginPageTest@6eebc39e</td></tr>
<tr>
<td title='com.Admin.QA.test.LoginPageTest.verifyloginPageTextBox()'><b>verifyloginPageTextBox</b><br>Test class: com.Admin.QA.test.LoginPageTest<br>Parameters: kira@gmail.com, 123456</td>
<td></td>
<td>1</td>
<td>com.Admin.QA.test.LoginPageTest@6eebc39e</td></tr>
<tr>
<td title='com.Admin.QA.test.LoginPageTest.veryfylogin()'><b>veryfylogin</b><br>Test class: com.Admin.QA.test.LoginPageTest</td>
<td></td>
<td>2</td>
<td>com.Admin.QA.test.LoginPageTest@6eebc39e</td></tr>
</table><p>
</body>
</html>