<html>
<head>
<title>TestNG:  Command line test</title>
<link href="../testng.css" rel="stylesheet" type="text/css" />
<link href="../my-testng.css" rel="stylesheet" type="text/css" />

<style type="text/css">
.log { display: none;} 
.stack-trace { display: none;} 
</style>
<script type="text/javascript">
<!--
function flip(e) {
  current = e.style.display;
  if (current == 'block') {
    e.style.display = 'none';
    return 0;
  }
  else {
    e.style.display = 'block';
    return 1;
  }
}

function toggleBox(szDivId, elem, msg1, msg2)
{
  var res = -1;  if (document.getElementById) {
    res = flip(document.getElementById(szDivId));
  }
  else if (document.all) {
    // this is the way old msie versions work
    res = flip(document.all[szDivId]);
  }
  if(elem) {
    if(res == 0) elem.innerHTML = msg1; else elem.innerHTML = msg2;
  }

}

function toggleAllBoxes() {
  if (document.getElementsByTagName) {
    d = document.getElementsByTagName('div');
    for (i = 0; i < d.length; i++) {
      if (d[i].className == 'log') {
        flip(d[i]);
      }
    }
  }
}

// -->
</script>

</head>
<body>
<h2 align='center'>Command line test</h2><table border='1' align="center">
<tr>
<td>Tests passed/Failed/Skipped:</td><td>20/4/0</td>
</tr><tr>
<td>Started on:</td><td>Tue Oct 30 17:20:54 IST 2018</td>
</tr>
<tr><td>Total time:</td><td>409 seconds (409493 ms)</td>
</tr><tr>
<td>Included groups:</td><td></td>
</tr><tr>
<td>Excluded groups:</td><td></td>
</tr>
</table><p/>
<small><i>(Hover the method name to see the test class name)</i></small><p/>
<table width='100%' border='1' class='invocation-failed'>
<tr><td colspan='4' align='center'><b>FAILED TESTS</b></td></tr>
<tr><td><b>Test method</b></td>
<td width="30%"><b>Exception</b></td>
<td width="10%"><b>Time (seconds)</b></td>
<td><b>Instance</b></td>
</tr>
<tr>
<td title='com.Admin.QA.test.RegistrationPageTest.verifyLabel()'><b>verifyLabel</b><br>Test class: com.Admin.QA.test.RegistrationPageTest</td>
<td><div><pre>java.lang.AssertionError: expected [Register a new membershi] but found [Register a new membership]
	at com.Admin.QA.test.RegistrationPageTest.verifyLabel(RegistrationPageTest.java:49)
	at org.apache.maven.surefire.testng.TestNGExecutor.run(TestNGExecutor.java:77)
	at org.apache.maven.surefire.testng.TestNGDirectoryTestSuite.executeMulti(TestNGDirectoryTestSuite.java:159)
	at org.apache.maven.surefire.testng.TestNGDirectoryTestSuite.execute(TestNGDirectoryTestSuite.java:99)
	at org.apache.maven.surefire.testng.TestNGProvider.invoke(TestNGProvider.java:106)
	at org.apache.maven.surefire.util.ReflectionUtils.invokeMethodWithArray(ReflectionUtils.java:189)
	at org.apache.maven.surefire.booter.ProviderFactory$ProviderProxy.invoke(ProviderFactory.java:165)
	at org.apache.maven.surefire.booter.ProviderFactory.invokeProvider(ProviderFactory.java:85)
	at org.apache.maven.surefire.booter.ForkedBooter.runSuitesInProcess(ForkedBooter.java:115)
	at org.apache.maven.surefire.booter.ForkedBooter.main(ForkedBooter.java:75)
... Removed 30 stack frames</pre></div><a href='#' onClick='toggleBox("stack-trace1414549197", this, "Click to show all stack frames", "Click to hide stack frames")'>Click to show all stack frames</a>
<div class='stack-trace' id='stack-trace1414549197'><pre>java.lang.AssertionError: expected [Register a new membershi] but found [Register a new membership]
	at org.testng.Assert.fail(Assert.java:94)
	at org.testng.Assert.failNotEquals(Assert.java:494)
	at org.testng.Assert.assertEquals(Assert.java:123)
	at org.testng.Assert.assertEquals(Assert.java:176)
	at org.testng.Assert.assertEquals(Assert.java:186)
	at com.Admin.QA.test.RegistrationPageTest.verifyLabel(RegistrationPageTest.java:49)
	at sun.reflect.NativeMethodAccessorImpl.invoke0(Native Method)
	at sun.reflect.NativeMethodAccessorImpl.invoke(NativeMethodAccessorImpl.java:62)
	at sun.reflect.DelegatingMethodAccessorImpl.invoke(DelegatingMethodAccessorImpl.java:43)
	at java.lang.reflect.Method.invoke(Method.java:498)
	at org.testng.internal.MethodInvocationHelper.invokeMethod(MethodInvocationHelper.java:80)
	at org.testng.internal.Invoker.invokeMethod(Invoker.java:714)
	at org.testng.internal.Invoker.invokeTestMethod(Invoker.java:901)
	at org.testng.internal.Invoker.invokeTestMethods(Invoker.java:1231)
	at org.testng.internal.TestMethodWorker.invokeTestMethods(TestMethodWorker.java:127)
	at org.testng.internal.TestMethodWorker.run(TestMethodWorker.java:111)
	at org.testng.TestRunner.privateRun(TestRunner.java:767)
	at org.testng.TestRunner.run(TestRunner.java:617)
	at org.testng.SuiteRunner.runTest(SuiteRunner.java:334)
	at org.testng.SuiteRunner.runSequentially(SuiteRunner.java:329)
	at org.testng.SuiteRunner.privateRun(SuiteRunner.java:291)
	at org.testng.SuiteRunner.run(SuiteRunner.java:240)
	at org.testng.SuiteRunnerWorker.runSuite(SuiteRunnerWorker.java:52)
	at org.testng.SuiteRunnerWorker.run(SuiteRunnerWorker.java:86)
	at org.testng.TestNG.runSuitesSequentially(TestNG.java:1198)
	at org.testng.TestNG.runSuitesLocally(TestNG.java:1123)
	at org.testng.TestNG.run(TestNG.java:1031)
	at org.apache.maven.surefire.testng.TestNGExecutor.run(TestNGExecutor.java:77)
	at org.apache.maven.surefire.testng.TestNGDirectoryTestSuite.executeMulti(TestNGDirectoryTestSuite.java:159)
	at org.apache.maven.surefire.testng.TestNGDirectoryTestSuite.execute(TestNGDirectoryTestSuite.java:99)
	at org.apache.maven.surefire.testng.TestNGProvider.invoke(TestNGProvider.java:106)
	at sun.reflect.NativeMethodAccessorImpl.invoke0(Native Method)
	at sun.reflect.NativeMethodAccessorImpl.invoke(NativeMethodAccessorImpl.java:62)
	at sun.reflect.DelegatingMethodAccessorImpl.invoke(DelegatingMethodAccessorImpl.java:43)
	at java.lang.reflect.Method.invoke(Method.java:498)
	at org.apache.maven.surefire.util.ReflectionUtils.invokeMethodWithArray(ReflectionUtils.java:189)
	at org.apache.maven.surefire.booter.ProviderFactory$ProviderProxy.invoke(ProviderFactory.java:165)
	at org.apache.maven.surefire.booter.ProviderFactory.invokeProvider(ProviderFactory.java:85)
	at org.apache.maven.surefire.booter.ForkedBooter.runSuitesInProcess(ForkedBooter.java:115)
	at org.apache.maven.surefire.booter.ForkedBooter.main(ForkedBooter.java:75)
</pre></div></td>
<td>0</td>
<td>com.Admin.QA.test.RegistrationPageTest@737996a0</td></tr>
<tr>
<td title='com.Admin.QA.test.RegistrationPageTest.verifyPaceholders()'><b>verifyPaceholders</b><br>Test class: com.Admin.QA.test.RegistrationPageTest</td>
<td><div><pre>java.lang.AssertionError: The following asserts failed:
null
	at com.Admin.QA.test.RegistrationPageTest.verifyPaceholders(RegistrationPageTest.java:69)
	at org.apache.maven.surefire.testng.TestNGExecutor.run(TestNGExecutor.java:77)
	at org.apache.maven.surefire.testng.TestNGDirectoryTestSuite.executeMulti(TestNGDirectoryTestSuite.java:159)
	at org.apache.maven.surefire.testng.TestNGDirectoryTestSuite.execute(TestNGDirectoryTestSuite.java:99)
	at org.apache.maven.surefire.testng.TestNGProvider.invoke(TestNGProvider.java:106)
	at org.apache.maven.surefire.util.ReflectionUtils.invokeMethodWithArray(ReflectionUtils.java:189)
	at org.apache.maven.surefire.booter.ProviderFactory$ProviderProxy.invoke(ProviderFactory.java:165)
	at org.apache.maven.surefire.booter.ProviderFactory.invokeProvider(ProviderFactory.java:85)
	at org.apache.maven.surefire.booter.ForkedBooter.runSuitesInProcess(ForkedBooter.java:115)
	at org.apache.maven.surefire.booter.ForkedBooter.main(ForkedBooter.java:75)
... Removed 26 stack frames</pre></div><a href='#' onClick='toggleBox("stack-trace1625252058", this, "Click to show all stack frames", "Click to hide stack frames")'>Click to show all stack frames</a>
<div class='stack-trace' id='stack-trace1625252058'><pre>java.lang.AssertionError: The following asserts failed:
null
	at org.testng.asserts.SoftAssert.assertAll(SoftAssert.java:37)
	at com.Admin.QA.test.RegistrationPageTest.verifyPaceholders(RegistrationPageTest.java:69)
	at sun.reflect.NativeMethodAccessorImpl.invoke0(Native Method)
	at sun.reflect.NativeMethodAccessorImpl.invoke(NativeMethodAccessorImpl.java:62)
	at sun.reflect.DelegatingMethodAccessorImpl.invoke(DelegatingMethodAccessorImpl.java:43)
	at java.lang.reflect.Method.invoke(Method.java:498)
	at org.testng.internal.MethodInvocationHelper.invokeMethod(MethodInvocationHelper.java:80)
	at org.testng.internal.Invoker.invokeMethod(Invoker.java:714)
	at org.testng.internal.Invoker.invokeTestMethod(Invoker.java:901)
	at org.testng.internal.Invoker.invokeTestMethods(Invoker.java:1231)
	at org.testng.internal.TestMethodWorker.invokeTestMethods(TestMethodWorker.java:127)
	at org.testng.internal.TestMethodWorker.run(TestMethodWorker.java:111)
	at org.testng.TestRunner.privateRun(TestRunner.java:767)
	at org.testng.TestRunner.run(TestRunner.java:617)
	at org.testng.SuiteRunner.runTest(SuiteRunner.java:334)
	at org.testng.SuiteRunner.runSequentially(SuiteRunner.java:329)
	at org.testng.SuiteRunner.privateRun(SuiteRunner.java:291)
	at org.testng.SuiteRunner.run(SuiteRunner.java:240)
	at org.testng.SuiteRunnerWorker.runSuite(SuiteRunnerWorker.java:52)
	at org.testng.SuiteRunnerWorker.run(SuiteRunnerWorker.java:86)
	at org.testng.TestNG.runSuitesSequentially(TestNG.java:1198)
	at org.testng.TestNG.runSuitesLocally(TestNG.java:1123)
	at org.testng.TestNG.run(TestNG.java:1031)
	at org.apache.maven.surefire.testng.TestNGExecutor.run(TestNGExecutor.java:77)
	at org.apache.maven.surefire.testng.TestNGDirectoryTestSuite.executeMulti(TestNGDirectoryTestSuite.java:159)
	at org.apache.maven.surefire.testng.TestNGDirectoryTestSuite.execute(TestNGDirectoryTestSuite.java:99)
	at org.apache.maven.surefire.testng.TestNGProvider.invoke(TestNGProvider.java:106)
	at sun.reflect.NativeMethodAccessorImpl.invoke0(Native Method)
	at sun.reflect.NativeMethodAccessorImpl.invoke(NativeMethodAccessorImpl.java:62)
	at sun.reflect.DelegatingMethodAccessorImpl.invoke(DelegatingMethodAccessorImpl.java:43)
	at java.lang.reflect.Method.invoke(Method.java:498)
	at org.apache.maven.surefire.util.ReflectionUtils.invokeMethodWithArray(ReflectionUtils.java:189)
	at org.apache.maven.surefire.booter.ProviderFactory$ProviderProxy.invoke(ProviderFactory.java:165)
	at org.apache.maven.surefire.booter.ProviderFactory.invokeProvider(ProviderFactory.java:85)
	at org.apache.maven.surefire.booter.ForkedBooter.runSuitesInProcess(ForkedBooter.java:115)
	at org.apache.maven.surefire.booter.ForkedBooter.main(ForkedBooter.java:75)
</pre></div></td>
<td>0</td>
<td>com.Admin.QA.test.RegistrationPageTest@737996a0</td></tr>
</table><p>
<table width='100%' border='1' class='invocation-passed'>
<tr><td colspan='4' align='center'><b>PASSED TESTS</b></td></tr>
<tr><td><b>Test method</b></td>
<td width="30%"><b>Exception</b></td>
<td width="10%"><b>Time (seconds)</b></td>
<td><b>Instance</b></td>
</tr>
<tr>
<td title='com.Admin.QA.test.UsersPageTest.ValidateUsersTable()'><b>ValidateUsersTable</b><br>Test class: com.Admin.QA.test.UsersPageTest</td>
<td></td>
<td>0</td>
<td>com.Admin.QA.test.UsersPageTest@234bef66</td></tr>
<tr>
<td title='com.Admin.QA.test.AddusersPageTest.addUserPlaceholders()'><b>addUserPlaceholders</b><br>Test class: com.Admin.QA.test.AddusersPageTest</td>
<td></td>
<td>0</td>
<td>com.Admin.QA.test.AddusersPageTest@366e2eef</td></tr>
<tr>
<td title='com.Admin.QA.test.LoginPageTest.email_placeholder()'><b>email_placeholder</b><br>Test class: com.Admin.QA.test.LoginPageTest</td>
<td></td>
<td>0</td>
<td>com.Admin.QA.test.LoginPageTest@50f8360d</td></tr>
<tr>
<td title='com.Admin.QA.test.LoginPageTest.loginPagetitle()'><b>loginPagetitle</b><br>Test class: com.Admin.QA.test.LoginPageTest</td>
<td></td>
<td>0</td>
<td>com.Admin.QA.test.LoginPageTest@50f8360d</td></tr>
<tr>
<td title='com.Admin.QA.test.LoginPageTest.loginpageSubTitle()'><b>loginpageSubTitle</b><br>Test class: com.Admin.QA.test.LoginPageTest</td>
<td></td>
<td>0</td>
<td>com.Admin.QA.test.LoginPageTest@50f8360d</td></tr>
<tr>
<td title='com.Admin.QA.test.LoginPageTest.password_placeholder()'><b>password_placeholder</b><br>Test class: com.Admin.QA.test.LoginPageTest</td>
<td></td>
<td>0</td>
<td>com.Admin.QA.test.LoginPageTest@50f8360d</td></tr>
<tr>
<td title='com.Admin.QA.test.AddusersPageTest.validateCancelBtn()'><b>validateCancelBtn</b><br>Test class: com.Admin.QA.test.AddusersPageTest</td>
<td></td>
<td>0</td>
<td>com.Admin.QA.test.AddusersPageTest@366e2eef</td></tr>
<tr>
<td title='com.Admin.QA.test.DashboardPageTest.validateCopyright()'><b>validateCopyright</b><br>Test class: com.Admin.QA.test.DashboardPageTest</td>
<td></td>
<td>0</td>
<td>com.Admin.QA.test.DashboardPageTest@61dc03ce</td></tr>
<tr>
<td title='com.Admin.QA.test.DashboardPageTest.validateMenu()'><b>validateMenu</b><br>Test class: com.Admin.QA.test.DashboardPageTest</td>
<td></td>
<td>0</td>
<td>com.Admin.QA.test.DashboardPageTest@61dc03ce</td></tr>
<tr>
<td title='com.Admin.QA.test.DashboardPageTest.validateOperatorLink()'><b>validateOperatorLink</b><br>Test class: com.Admin.QA.test.DashboardPageTest</td>
<td></td>
<td>0</td>
<td>com.Admin.QA.test.DashboardPageTest@61dc03ce</td></tr>
<tr>
<td title='com.Admin.QA.test.DashboardPageTest.validateUsersLink()'><b>validateUsersLink</b><br>Test class: com.Admin.QA.test.DashboardPageTest</td>
<td></td>
<td>0</td>
<td>com.Admin.QA.test.DashboardPageTest@61dc03ce</td></tr>
<tr>
<td title='com.Admin.QA.test.DashboardPageTest.validateVersion()'><b>validateVersion</b><br>Test class: com.Admin.QA.test.DashboardPageTest</td>
<td></td>
<td>0</td>
<td>com.Admin.QA.test.DashboardPageTest@61dc03ce</td></tr>
<tr>
<td title='com.Admin.QA.test.RegistrationPageTest.verifyAlreadyMembersLink()'><b>verifyAlreadyMembersLink</b><br>Test class: com.Admin.QA.test.RegistrationPageTest</td>
<td></td>
<td>0</td>
<td>com.Admin.QA.test.RegistrationPageTest@737996a0</td></tr>
<tr>
<td title='com.Admin.QA.test.DashboardPageTest.verifyDashboardTitle()'><b>verifyDashboardTitle</b><br>Test class: com.Admin.QA.test.DashboardPageTest</td>
<td></td>
<td>0</td>
<td>com.Admin.QA.test.DashboardPageTest@61dc03ce</td></tr>
<tr>
<td title='com.Admin.QA.test.RegistrationPageTest.verifyErrorMsg()'><b>verifyErrorMsg</b><br>Test class: com.Admin.QA.test.RegistrationPageTest</td>
<td></td>
<td>0</td>
<td>com.Admin.QA.test.RegistrationPageTest@737996a0</td></tr>
<tr>
<td title='com.Admin.QA.test.RegistrationPageTest.verifyPageTitle()'><b>verifyPageTitle</b><br>Test class: com.Admin.QA.test.RegistrationPageTest</td>
<td></td>
<td>0</td>
<td>com.Admin.QA.test.RegistrationPageTest@737996a0</td></tr>
<tr>
<td title='com.Admin.QA.test.LoginPageTest.verifyRegLink()'><b>verifyRegLink</b><br>Test class: com.Admin.QA.test.LoginPageTest</td>
<td></td>
<td>0</td>
<td>com.Admin.QA.test.LoginPageTest@50f8360d</td></tr>
<tr>
<td title='com.Admin.QA.test.RegistrationPageTest.verifyRegistration()'><b>verifyRegistration</b><br>Test class: com.Admin.QA.test.RegistrationPageTest</td>
<td></td>
<td>9</td>
<td>com.Admin.QA.test.RegistrationPageTest@737996a0</td></tr>
<tr>
<td title='com.Admin.QA.test.RegistrationPageTest.verifySubTitle()'><b>verifySubTitle</b><br>Test class: com.Admin.QA.test.RegistrationPageTest</td>
<td></td>
<td>0</td>
<td>com.Admin.QA.test.RegistrationPageTest@737996a0</td></tr>
<tr>
<td title='com.Admin.QA.test.LoginPageTest.veryfylogin()'><b>veryfylogin</b><br>Test class: com.Admin.QA.test.LoginPageTest</td>
<td></td>
<td>3</td>
<td>com.Admin.QA.test.LoginPageTest@50f8360d</td></tr>
</table><p>
<table width='100%' border='1' class='invocation-skipped'>
<tr><td colspan='4' align='center'><b>SKIPPED TESTS</b></td></tr>
<tr><td><b>Test method</b></td>
<td width="30%"><b>Exception</b></td>
<td width="10%"><b>Time (seconds)</b></td>
<td><b>Instance</b></td>
</tr>
<tr>
<td title='com.Admin.QA.test.AddusersPageTest.adduserErrors()'><b>adduserErrors</b><br>Test class: com.Admin.QA.test.AddusersPageTest</td>
<td><div><pre>java.lang.RuntimeException: org.apache.poi.ooxml.POIXMLException: Could not initialize class org.apache.poi.ooxml.POIXMLTypeLoader
	at org.apache.maven.surefire.testng.TestNGExecutor.run(TestNGExecutor.java:77)
	at org.apache.maven.surefire.testng.TestNGDirectoryTestSuite.executeMulti(TestNGDirectoryTestSuite.java:159)
	at org.apache.maven.surefire.testng.TestNGDirectoryTestSuite.execute(TestNGDirectoryTestSuite.java:99)
	at org.apache.maven.surefire.testng.TestNGProvider.invoke(TestNGProvider.java:106)
	at org.apache.maven.surefire.util.ReflectionUtils.invokeMethodWithArray(ReflectionUtils.java:189)
	at org.apache.maven.surefire.booter.ProviderFactory$ProviderProxy.invoke(ProviderFactory.java:165)
	at org.apache.maven.surefire.booter.ProviderFactory.invokeProvider(ProviderFactory.java:85)
	at org.apache.maven.surefire.booter.ForkedBooter.runSuitesInProcess(ForkedBooter.java:115)
	at org.apache.maven.surefire.booter.ForkedBooter.main(ForkedBooter.java:75)
Caused by: org.apache.poi.ooxml.POIXMLException: Could not initialize class org.apache.poi.ooxml.POIXMLTypeLoader
	at org.apache.poi.ooxml.POIXMLFactory.createDocumentPart(POIXMLFactory.java:66)
	at org.apache.poi.ooxml.POIXMLDocumentPart.read(POIXMLDocumentPart.java:648)
	at org.apache.poi.ooxml.POIXMLDocument.load(POIXMLDocument.java:180)
	at org.apache.poi.xssf.usermodel.XSSFWorkbook.&lt;init&gt;(XSSFWorkbook.java:286)
	at org.apache.poi.xssf.usermodel.XSSFWorkbookFactory.createWorkbook(XSSFWorkbookFactory.java:83)
	at org.apache.poi.xssf.usermodel.XSSFWorkbookFactory.createWorkbook(XSSFWorkbookFactory.java:130)
	at org.apache.poi.ss.usermodel.WorkbookFactory.createWorkbook(WorkbookFactory.java:314)
	at org.apache.poi.ss.usermodel.WorkbookFactory.createXSSFWorkbook(WorkbookFactory.java:296)
	at org.apache.poi.ss.usermodel.WorkbookFactory.create(WorkbookFactory.java:214)
	at org.apache.poi.ss.usermodel.WorkbookFactory.create(WorkbookFactory.java:180)
	at com.Admin.QA.Util.TestUtil.getTestData(TestUtil.java:117)
	at com.Admin.QA.test.AddusersPageTest.PassData(AddusersPageTest.java:76)
	... 30 more
	at org.apache.poi.xssf.usermodel.XSSFFactory.createDocumentPart(XSSFFactory.java:56)
	at org.apache.poi.ooxml.POIXMLFactory.createDocumentPart(POIXMLFactory.java:63)
	... 51 more
Caused by: java.lang.NoClassDefFoundError: Could not initialize class org.apache.poi.ooxml.POIXMLTypeLoader
	at org.apache.poi.xssf.model.ThemesTable.&lt;init&gt;(ThemesTable.java:86)
	... 57 more
... Removed 37 stack frames</pre></div><a href='#' onClick='toggleBox("stack-trace979291363", this, "Click to show all stack frames", "Click to hide stack frames")'>Click to show all stack frames</a>
<div class='stack-trace' id='stack-trace979291363'><pre>java.lang.RuntimeException: org.apache.poi.ooxml.POIXMLException: Could not initialize class org.apache.poi.ooxml.POIXMLTypeLoader
	at org.testng.internal.MethodInvocationHelper.invokeDataProvider(MethodInvocationHelper.java:143)
	at org.testng.internal.Parameters.handleParameters(Parameters.java:426)
	at org.testng.internal.Invoker.handleParameters(Invoker.java:1383)
	at org.testng.internal.Invoker.createParameters(Invoker.java:1075)
	at org.testng.internal.Invoker.invokeTestMethods(Invoker.java:1180)
	at org.testng.internal.TestMethodWorker.invokeTestMethods(TestMethodWorker.java:127)
	at org.testng.internal.TestMethodWorker.run(TestMethodWorker.java:111)
	at org.testng.TestRunner.privateRun(TestRunner.java:767)
	at org.testng.TestRunner.run(TestRunner.java:617)
	at org.testng.SuiteRunner.runTest(SuiteRunner.java:334)
	at org.testng.SuiteRunner.runSequentially(SuiteRunner.java:329)
	at org.testng.SuiteRunner.privateRun(SuiteRunner.java:291)
	at org.testng.SuiteRunner.run(SuiteRunner.java:240)
	at org.testng.SuiteRunnerWorker.runSuite(SuiteRunnerWorker.java:52)
	at org.testng.SuiteRunnerWorker.run(SuiteRunnerWorker.java:86)
	at org.testng.TestNG.runSuitesSequentially(TestNG.java:1198)
	at org.testng.TestNG.runSuitesLocally(TestNG.java:1123)
	at org.testng.TestNG.run(TestNG.java:1031)
	at org.apache.maven.surefire.testng.TestNGExecutor.run(TestNGExecutor.java:77)
	at org.apache.maven.surefire.testng.TestNGDirectoryTestSuite.executeMulti(TestNGDirectoryTestSuite.java:159)
	at org.apache.maven.surefire.testng.TestNGDirectoryTestSuite.execute(TestNGDirectoryTestSuite.java:99)
	at org.apache.maven.surefire.testng.TestNGProvider.invoke(TestNGProvider.java:106)
	at sun.reflect.NativeMethodAccessorImpl.invoke0(Native Method)
	at sun.reflect.NativeMethodAccessorImpl.invoke(NativeMethodAccessorImpl.java:62)
	at sun.reflect.DelegatingMethodAccessorImpl.invoke(DelegatingMethodAccessorImpl.java:43)
	at java.lang.reflect.Method.invoke(Method.java:498)
	at org.apache.maven.surefire.util.ReflectionUtils.invokeMethodWithArray(ReflectionUtils.java:189)
	at org.apache.maven.surefire.booter.ProviderFactory$ProviderProxy.invoke(ProviderFactory.java:165)
	at org.apache.maven.surefire.booter.ProviderFactory.invokeProvider(ProviderFactory.java:85)
	at org.apache.maven.surefire.booter.ForkedBooter.runSuitesInProcess(ForkedBooter.java:115)
	at org.apache.maven.surefire.booter.ForkedBooter.main(ForkedBooter.java:75)
Caused by: org.apache.poi.ooxml.POIXMLException: Could not initialize class org.apache.poi.ooxml.POIXMLTypeLoader
	at org.apache.poi.ooxml.POIXMLFactory.createDocumentPart(POIXMLFactory.java:66)
	at org.apache.poi.ooxml.POIXMLDocumentPart.read(POIXMLDocumentPart.java:648)
	at org.apache.poi.ooxml.POIXMLDocument.load(POIXMLDocument.java:180)
	at org.apache.poi.xssf.usermodel.XSSFWorkbook.&lt;init&gt;(XSSFWorkbook.java:286)
	at org.apache.poi.xssf.usermodel.XSSFWorkbookFactory.createWorkbook(XSSFWorkbookFactory.java:83)
	at org.apache.poi.xssf.usermodel.XSSFWorkbookFactory.createWorkbook(XSSFWorkbookFactory.java:130)
	at sun.reflect.NativeMethodAccessorImpl.invoke0(Native Method)
	at sun.reflect.NativeMethodAccessorImpl.invoke(NativeMethodAccessorImpl.java:62)
	at sun.reflect.DelegatingMethodAccessorImpl.invoke(DelegatingMethodAccessorImpl.java:43)
	at java.lang.reflect.Method.invoke(Method.java:498)
	at org.apache.poi.ss.usermodel.WorkbookFactory.createWorkbook(WorkbookFactory.java:314)
	at org.apache.poi.ss.usermodel.WorkbookFactory.createXSSFWorkbook(WorkbookFactory.java:296)
	at org.apache.poi.ss.usermodel.WorkbookFactory.create(WorkbookFactory.java:214)
	at org.apache.poi.ss.usermodel.WorkbookFactory.create(WorkbookFactory.java:180)
	at com.Admin.QA.Util.TestUtil.getTestData(TestUtil.java:117)
	at com.Admin.QA.test.AddusersPageTest.PassData(AddusersPageTest.java:76)
	at sun.reflect.NativeMethodAccessorImpl.invoke0(Native Method)
	at sun.reflect.NativeMethodAccessorImpl.invoke(NativeMethodAccessorImpl.java:62)
	at sun.reflect.DelegatingMethodAccessorImpl.invoke(DelegatingMethodAccessorImpl.java:43)
	at java.lang.reflect.Method.invoke(Method.java:498)
	at org.testng.internal.MethodInvocationHelper.invokeMethod(MethodInvocationHelper.java:80)
	at org.testng.internal.MethodInvocationHelper.invokeDataProvider(MethodInvocationHelper.java:117)
	... 30 more
Caused by: java.lang.reflect.InvocationTargetException
	at sun.reflect.NativeConstructorAccessorImpl.newInstance0(Native Method)
	at sun.reflect.NativeConstructorAccessorImpl.newInstance(NativeConstructorAccessorImpl.java:62)
	at sun.reflect.DelegatingConstructorAccessorImpl.newInstance(DelegatingConstructorAccessorImpl.java:45)
	at java.lang.reflect.Constructor.newInstance(Constructor.java:423)
	at org.apache.poi.xssf.usermodel.XSSFFactory.createDocumentPart(XSSFFactory.java:56)
	at org.apache.poi.ooxml.POIXMLFactory.createDocumentPart(POIXMLFactory.java:63)
	... 51 more
Caused by: java.lang.NoClassDefFoundError: Could not initialize class org.apache.poi.ooxml.POIXMLTypeLoader
	at org.apache.poi.xssf.model.ThemesTable.&lt;init&gt;(ThemesTable.java:86)
	... 57 more
</pre></div></td>
<td>0</td>
<td>com.Admin.QA.test.AddusersPageTest@366e2eef</td></tr>
<tr>
<td title='com.Admin.QA.test.LoginPageTest.verifyloginPageTextBox()'><b>verifyloginPageTextBox</b><br>Test class: com.Admin.QA.test.LoginPageTest</td>
<td><div><pre>java.lang.RuntimeException: java.lang.NullPointerException
	at org.apache.maven.surefire.testng.TestNGExecutor.run(TestNGExecutor.java:77)
	at org.apache.maven.surefire.testng.TestNGDirectoryTestSuite.executeMulti(TestNGDirectoryTestSuite.java:159)
	at org.apache.maven.surefire.testng.TestNGDirectoryTestSuite.execute(TestNGDirectoryTestSuite.java:99)
	at org.apache.maven.surefire.testng.TestNGProvider.invoke(TestNGProvider.java:106)
	at org.apache.maven.surefire.util.ReflectionUtils.invokeMethodWithArray(ReflectionUtils.java:189)
	at org.apache.maven.surefire.booter.ProviderFactory$ProviderProxy.invoke(ProviderFactory.java:165)
	at org.apache.maven.surefire.booter.ProviderFactory.invokeProvider(ProviderFactory.java:85)
	at org.apache.maven.surefire.booter.ForkedBooter.runSuitesInProcess(ForkedBooter.java:115)
	at org.apache.maven.surefire.booter.ForkedBooter.main(ForkedBooter.java:75)
Caused by: java.lang.NullPointerException
	at com.Admin.QA.Util.TestUtil.getRowCount(TestUtil.java:69)
	at com.Admin.QA.test.LoginPageTest.PassData(LoginPageTest.java:91)
	... 30 more
... Removed 28 stack frames</pre></div><a href='#' onClick='toggleBox("stack-trace948250363", this, "Click to show all stack frames", "Click to hide stack frames")'>Click to show all stack frames</a>
<div class='stack-trace' id='stack-trace948250363'><pre>java.lang.RuntimeException: java.lang.NullPointerException
	at org.testng.internal.MethodInvocationHelper.invokeDataProvider(MethodInvocationHelper.java:143)
	at org.testng.internal.Parameters.handleParameters(Parameters.java:426)
	at org.testng.internal.Invoker.handleParameters(Invoker.java:1383)
	at org.testng.internal.Invoker.createParameters(Invoker.java:1075)
	at org.testng.internal.Invoker.invokeTestMethods(Invoker.java:1180)
	at org.testng.internal.TestMethodWorker.invokeTestMethods(TestMethodWorker.java:127)
	at org.testng.internal.TestMethodWorker.run(TestMethodWorker.java:111)
	at org.testng.TestRunner.privateRun(TestRunner.java:767)
	at org.testng.TestRunner.run(TestRunner.java:617)
	at org.testng.SuiteRunner.runTest(SuiteRunner.java:334)
	at org.testng.SuiteRunner.runSequentially(SuiteRunner.java:329)
	at org.testng.SuiteRunner.privateRun(SuiteRunner.java:291)
	at org.testng.SuiteRunner.run(SuiteRunner.java:240)
	at org.testng.SuiteRunnerWorker.runSuite(SuiteRunnerWorker.java:52)
	at org.testng.SuiteRunnerWorker.run(SuiteRunnerWorker.java:86)
	at org.testng.TestNG.runSuitesSequentially(TestNG.java:1198)
	at org.testng.TestNG.runSuitesLocally(TestNG.java:1123)
	at org.testng.TestNG.run(TestNG.java:1031)
	at org.apache.maven.surefire.testng.TestNGExecutor.run(TestNGExecutor.java:77)
	at org.apache.maven.surefire.testng.TestNGDirectoryTestSuite.executeMulti(TestNGDirectoryTestSuite.java:159)
	at org.apache.maven.surefire.testng.TestNGDirectoryTestSuite.execute(TestNGDirectoryTestSuite.java:99)
	at org.apache.maven.surefire.testng.TestNGProvider.invoke(TestNGProvider.java:106)
	at sun.reflect.NativeMethodAccessorImpl.invoke0(Native Method)
	at sun.reflect.NativeMethodAccessorImpl.invoke(NativeMethodAccessorImpl.java:62)
	at sun.reflect.DelegatingMethodAccessorImpl.invoke(DelegatingMethodAccessorImpl.java:43)
	at java.lang.reflect.Method.invoke(Method.java:498)
	at org.apache.maven.surefire.util.ReflectionUtils.invokeMethodWithArray(ReflectionUtils.java:189)
	at org.apache.maven.surefire.booter.ProviderFactory$ProviderProxy.invoke(ProviderFactory.java:165)
	at org.apache.maven.surefire.booter.ProviderFactory.invokeProvider(ProviderFactory.java:85)
	at org.apache.maven.surefire.booter.ForkedBooter.runSuitesInProcess(ForkedBooter.java:115)
	at org.apache.maven.surefire.booter.ForkedBooter.main(ForkedBooter.java:75)
Caused by: java.lang.NullPointerException
	at com.Admin.QA.Util.TestUtil.getRowCount(TestUtil.java:69)
	at com.Admin.QA.test.LoginPageTest.PassData(LoginPageTest.java:91)
	at sun.reflect.NativeMethodAccessorImpl.invoke0(Native Method)
	at sun.reflect.NativeMethodAccessorImpl.invoke(NativeMethodAccessorImpl.java:62)
	at sun.reflect.DelegatingMethodAccessorImpl.invoke(DelegatingMethodAccessorImpl.java:43)
	at java.lang.reflect.Method.invoke(Method.java:498)
	at org.testng.internal.MethodInvocationHelper.invokeMethod(MethodInvocationHelper.java:80)
	at org.testng.internal.MethodInvocationHelper.invokeDataProvider(MethodInvocationHelper.java:117)
	... 30 more
</pre></div></td>
<td>0</td>
<td>com.Admin.QA.test.LoginPageTest@50f8360d</td></tr>
</table><p>
</body>
</html>