<?xml version="1.0" encoding="UTF-8"?>
<!-- Generated by org.testng.reporters.JUnitXMLReporter -->
<testsuite hostname="DELL" name="Command line test" tests="24" failures="2" timestamp="30 Oct 2018 11:57:44 GMT" time="409.493" errors="0">
  <testcase name="addUserPlaceholders" time="0.136" classname="com.Admin.QA.test.AddusersPageTest"/>
  <testcase name="verifyDashboardTitle" time="0.013" classname="com.Admin.QA.test.DashboardPageTest"/>
  <testcase name="loginPagetitle" time="0.009" classname="com.Admin.QA.test.LoginPageTest"/>
  <testcase name="verifyPageTitle" time="0.266" classname="com.Admin.QA.test.RegistrationPageTest"/>
  <testcase name="ValidateUsersTable" time="0.896" classname="com.Admin.QA.test.UsersPageTest"/>
  <testcase name="adduserErrors" time="0.174" classname="com.Admin.QA.test.AddusersPageTest">
    <skipped/>
  </testcase> <!-- adduserErrors -->
  <testcase name="validateUsersLink" time="0.359" classname="com.Admin.QA.test.DashboardPageTest"/>
  <testcase name="loginpageSubTitle" time="0.502" classname="com.Admin.QA.test.LoginPageTest"/>
  <testcase name="verifySubTitle" time="0.04" classname="com.Admin.QA.test.RegistrationPageTest"/>
  <testcase name="validateCancelBtn" time="0.279" classname="com.Admin.QA.test.AddusersPageTest"/>
  <testcase name="validateOperatorLink" time="0.588" classname="com.Admin.QA.test.DashboardPageTest"/>
  <testcase name="email_placeholder" time="0.453" classname="com.Admin.QA.test.LoginPageTest"/>
  <testcase name="verifyLabel" time="0.036" classname="com.Admin.QA.test.RegistrationPageTest">
    <failure type="java.lang.AssertionError" message="expected [Register a new membershi] but found [Register a new membership]">
      <![CDATA[java.lang.AssertionError: expected [Register a new membershi] but found [Register a new membership]
	at com.Admin.QA.test.RegistrationPageTest.verifyLabel(RegistrationPageTest.java:49)
	at org.apache.maven.surefire.testng.TestNGExecutor.run(TestNGExecutor.java:77)
	at org.apache.maven.surefire.testng.TestNGDirectoryTestSuite.executeMulti(TestNGDirectoryTestSuite.java:159)
	at org.apache.maven.surefire.testng.TestNGDirectoryTestSuite.execute(TestNGDirectoryTestSuite.java:99)
	at org.apache.maven.surefire.testng.TestNGProvider.invoke(TestNGProvider.java:106)
	at org.apache.maven.surefire.util.ReflectionUtils.invokeMethodWithArray(ReflectionUtils.java:189)
	at org.apache.maven.surefire.booter.ProviderFactory$ProviderProxy.invoke(ProviderFactory.java:165)
	at org.apache.maven.surefire.booter.ProviderFactory.invokeProvider(ProviderFactory.java:85)
	at org.apache.maven.surefire.booter.ForkedBooter.runSuitesInProcess(ForkedBooter.java:115)
	at org.apache.maven.surefire.booter.ForkedBooter.main(ForkedBooter.java:75)
... Removed 30 stack frames]]>
    </failure>
  </testcase> <!-- verifyLabel -->
  <testcase name="validateCopyright" time="0.05" classname="com.Admin.QA.test.DashboardPageTest"/>
  <testcase name="password_placeholder" time="0.208" classname="com.Admin.QA.test.LoginPageTest"/>
  <testcase name="verifyPaceholders" time="0.076" classname="com.Admin.QA.test.RegistrationPageTest">
    <failure type="java.lang.AssertionError" message="The following asserts failed:
null">
      <![CDATA[java.lang.AssertionError: The following asserts failed:
null
	at com.Admin.QA.test.RegistrationPageTest.verifyPaceholders(RegistrationPageTest.java:69)
	at org.apache.maven.surefire.testng.TestNGExecutor.run(TestNGExecutor.java:77)
	at org.apache.maven.surefire.testng.TestNGDirectoryTestSuite.executeMulti(TestNGDirectoryTestSuite.java:159)
	at org.apache.maven.surefire.testng.TestNGDirectoryTestSuite.execute(TestNGDirectoryTestSuite.java:99)
	at org.apache.maven.surefire.testng.TestNGProvider.invoke(TestNGProvider.java:106)
	at org.apache.maven.surefire.util.ReflectionUtils.invokeMethodWithArray(ReflectionUtils.java:189)
	at org.apache.maven.surefire.booter.ProviderFactory$ProviderProxy.invoke(ProviderFactory.java:165)
	at org.apache.maven.surefire.booter.ProviderFactory.invokeProvider(ProviderFactory.java:85)
	at org.apache.maven.surefire.booter.ForkedBooter.runSuitesInProcess(ForkedBooter.java:115)
	at org.apache.maven.surefire.booter.ForkedBooter.main(ForkedBooter.java:75)
... Removed 26 stack frames]]>
    </failure>
  </testcase> <!-- verifyPaceholders -->
  <testcase name="validateVersion" time="0.186" classname="com.Admin.QA.test.DashboardPageTest"/>
  <testcase name="verifyloginPageTextBox" time="0.017" classname="com.Admin.QA.test.LoginPageTest">
    <skipped/>
  </testcase> <!-- verifyloginPageTextBox -->
  <testcase name="verifyErrorMsg" time="0.328" classname="com.Admin.QA.test.RegistrationPageTest"/>
  <testcase name="validateMenu" time="0.0" classname="com.Admin.QA.test.DashboardPageTest"/>
  <testcase name="veryfylogin" time="3.35" classname="com.Admin.QA.test.LoginPageTest"/>
  <testcase name="verifyRegistration" time="9.903" classname="com.Admin.QA.test.RegistrationPageTest"/>
  <testcase name="verifyRegLink" time="0.45" classname="com.Admin.QA.test.LoginPageTest"/>
  <testcase name="verifyAlreadyMembersLink" time="0.211" classname="com.Admin.QA.test.RegistrationPageTest"/>
</testsuite> <!-- Command line test -->
