<?xml version="1.0" encoding="UTF-8"?>
<testng-results skipped="0" failed="4" total="24" passed="20">
  <reporter-output>
  </reporter-output>
  <suite name="Command line suite" duration-ms="409493" started-at="2018-10-30T11:50:54Z" finished-at="2018-10-30T11:57:44Z">
    <groups>
    </groups>
    <test name="Command line test" duration-ms="409493" started-at="2018-10-30T11:50:54Z" finished-at="2018-10-30T11:57:44Z">
      <class name="com.Admin.QA.test.LoginPageTest">
        <test-method status="PASS" signature="setUp()[pri:0, instance:com.Admin.QA.test.LoginPageTest@50f8360d]" name="setUp" is-config="true" duration-ms="20452" started-at="2018-10-30T17:21:49Z" finished-at="2018-10-30T17:22:09Z">
          <reporter-output>
          </reporter-output>
        </test-method> <!-- setUp -->
        <test-method status="PASS" signature="loginPagetitle()[pri:0, instance:com.Admin.QA.test.LoginPageTest@50f8360d]" name="loginPagetitle" duration-ms="9" started-at="2018-10-30T17:22:09Z" finished-at="2018-10-30T17:22:09Z">
          <reporter-output>
          </reporter-output>
        </test-method> <!-- loginPagetitle -->
        <test-method status="PASS" signature="tearDown(org.testng.ITestResult)[pri:0, instance:com.Admin.QA.test.LoginPageTest@50f8360d]" name="tearDown" is-config="true" duration-ms="35" started-at="2018-10-30T17:22:09Z" finished-at="2018-10-30T17:22:09Z">
          <params>
            <param index="0">
              <value>
                <![CDATA[[TestResult name=loginPagetitle status=SUCCESS method=LoginPageTest.loginPagetitle()[pri:0, instance:com.Admin.QA.test.LoginPageTest@50f8360d] output={null}]]]>
              </value>
            </param>
          </params>
          <reporter-output>
          </reporter-output>
        </test-method> <!-- tearDown -->
        <test-method status="PASS" signature="setUp()[pri:0, instance:com.Admin.QA.test.LoginPageTest@50f8360d]" name="setUp" is-config="true" duration-ms="15646" started-at="2018-10-30T17:22:58Z" finished-at="2018-10-30T17:23:13Z">
          <reporter-output>
          </reporter-output>
        </test-method> <!-- setUp -->
        <test-method status="PASS" signature="loginpageSubTitle()[pri:0, instance:com.Admin.QA.test.LoginPageTest@50f8360d]" name="loginpageSubTitle" duration-ms="502" started-at="2018-10-30T17:23:13Z" finished-at="2018-10-30T17:23:14Z">
          <reporter-output>
          </reporter-output>
        </test-method> <!-- loginpageSubTitle -->
        <test-method status="PASS" signature="tearDown(org.testng.ITestResult)[pri:0, instance:com.Admin.QA.test.LoginPageTest@50f8360d]" name="tearDown" is-config="true" duration-ms="23" started-at="2018-10-30T17:23:14Z" finished-at="2018-10-30T17:23:14Z">
          <params>
            <param index="0">
              <value>
                <![CDATA[[TestResult name=loginpageSubTitle status=SUCCESS method=LoginPageTest.loginpageSubTitle()[pri:0, instance:com.Admin.QA.test.LoginPageTest@50f8360d] output={null}]]]>
              </value>
            </param>
          </params>
          <reporter-output>
          </reporter-output>
        </test-method> <!-- tearDown -->
        <test-method status="PASS" signature="setUp()[pri:0, instance:com.Admin.QA.test.LoginPageTest@50f8360d]" name="setUp" is-config="true" duration-ms="11070" started-at="2018-10-30T17:24:02Z" finished-at="2018-10-30T17:24:13Z">
          <reporter-output>
          </reporter-output>
        </test-method> <!-- setUp -->
        <test-method status="PASS" signature="email_placeholder()[pri:0, instance:com.Admin.QA.test.LoginPageTest@50f8360d]" name="email_placeholder" duration-ms="453" started-at="2018-10-30T17:24:13Z" finished-at="2018-10-30T17:24:14Z">
          <reporter-output>
          </reporter-output>
        </test-method> <!-- email_placeholder -->
        <test-method status="PASS" signature="tearDown(org.testng.ITestResult)[pri:0, instance:com.Admin.QA.test.LoginPageTest@50f8360d]" name="tearDown" is-config="true" duration-ms="81" started-at="2018-10-30T17:24:14Z" finished-at="2018-10-30T17:24:14Z">
          <params>
            <param index="0">
              <value>
                <![CDATA[[TestResult name=email_placeholder status=SUCCESS method=LoginPageTest.email_placeholder()[pri:0, instance:com.Admin.QA.test.LoginPageTest@50f8360d] output={null}]]]>
              </value>
            </param>
          </params>
          <reporter-output>
          </reporter-output>
        </test-method> <!-- tearDown -->
        <test-method status="PASS" signature="setUp()[pri:0, instance:com.Admin.QA.test.LoginPageTest@50f8360d]" name="setUp" is-config="true" duration-ms="23131" started-at="2018-10-30T17:24:44Z" finished-at="2018-10-30T17:25:07Z">
          <reporter-output>
          </reporter-output>
        </test-method> <!-- setUp -->
        <test-method status="PASS" signature="password_placeholder()[pri:0, instance:com.Admin.QA.test.LoginPageTest@50f8360d]" name="password_placeholder" duration-ms="208" started-at="2018-10-30T17:25:07Z" finished-at="2018-10-30T17:25:07Z">
          <reporter-output>
          </reporter-output>
        </test-method> <!-- password_placeholder -->
        <test-method status="PASS" signature="tearDown(org.testng.ITestResult)[pri:0, instance:com.Admin.QA.test.LoginPageTest@50f8360d]" name="tearDown" is-config="true" duration-ms="171" started-at="2018-10-30T17:25:07Z" finished-at="2018-10-30T17:25:07Z">
          <params>
            <param index="0">
              <value>
                <![CDATA[[TestResult name=password_placeholder status=SUCCESS method=LoginPageTest.password_placeholder()[pri:0, instance:com.Admin.QA.test.LoginPageTest@50f8360d] output={null}]]]>
              </value>
            </param>
          </params>
          <reporter-output>
          </reporter-output>
        </test-method> <!-- tearDown -->
        <test-method status="FAIL" signature="verifyloginPageTextBox(java.lang.String, java.lang.String)[pri:0, instance:com.Admin.QA.test.LoginPageTest@50f8360d]" name="verifyloginPageTextBox" duration-ms="0" started-at="2018-10-30T17:25:42Z" data-provider="AdminLogin" finished-at="2018-10-30T17:25:42Z">
          <exception class="java.lang.RuntimeException">
            <message>
              <![CDATA[java.lang.NullPointerException]]>
            </message>
            <full-stacktrace>
              <![CDATA[java.lang.RuntimeException: java.lang.NullPointerException
	at org.testng.internal.MethodInvocationHelper.invokeDataProvider(MethodInvocationHelper.java:143)
	at org.testng.internal.Parameters.handleParameters(Parameters.java:426)
	at org.testng.internal.Invoker.handleParameters(Invoker.java:1383)
	at org.testng.internal.Invoker.createParameters(Invoker.java:1075)
	at org.testng.internal.Invoker.invokeTestMethods(Invoker.java:1180)
	at org.testng.internal.TestMethodWorker.invokeTestMethods(TestMethodWorker.java:127)
	at org.testng.internal.TestMethodWorker.run(TestMethodWorker.java:111)
	at org.testng.TestRunner.privateRun(TestRunner.java:767)
	at org.testng.TestRunner.run(TestRunner.java:617)
	at org.testng.SuiteRunner.runTest(SuiteRunner.java:334)
	at org.testng.SuiteRunner.runSequentially(SuiteRunner.java:329)
	at org.testng.SuiteRunner.privateRun(SuiteRunner.java:291)
	at org.testng.SuiteRunner.run(SuiteRunner.java:240)
	at org.testng.SuiteRunnerWorker.runSuite(SuiteRunnerWorker.java:52)
	at org.testng.SuiteRunnerWorker.run(SuiteRunnerWorker.java:86)
	at org.testng.TestNG.runSuitesSequentially(TestNG.java:1198)
	at org.testng.TestNG.runSuitesLocally(TestNG.java:1123)
	at org.testng.TestNG.run(TestNG.java:1031)
	at org.apache.maven.surefire.testng.TestNGExecutor.run(TestNGExecutor.java:77)
	at org.apache.maven.surefire.testng.TestNGDirectoryTestSuite.executeMulti(TestNGDirectoryTestSuite.java:159)
	at org.apache.maven.surefire.testng.TestNGDirectoryTestSuite.execute(TestNGDirectoryTestSuite.java:99)
	at org.apache.maven.surefire.testng.TestNGProvider.invoke(TestNGProvider.java:106)
	at sun.reflect.NativeMethodAccessorImpl.invoke0(Native Method)
	at sun.reflect.NativeMethodAccessorImpl.invoke(NativeMethodAccessorImpl.java:62)
	at sun.reflect.DelegatingMethodAccessorImpl.invoke(DelegatingMethodAccessorImpl.java:43)
	at java.lang.reflect.Method.invoke(Method.java:498)
	at org.apache.maven.surefire.util.ReflectionUtils.invokeMethodWithArray(ReflectionUtils.java:189)
	at org.apache.maven.surefire.booter.ProviderFactory$ProviderProxy.invoke(ProviderFactory.java:165)
	at org.apache.maven.surefire.booter.ProviderFactory.invokeProvider(ProviderFactory.java:85)
	at org.apache.maven.surefire.booter.ForkedBooter.runSuitesInProcess(ForkedBooter.java:115)
	at org.apache.maven.surefire.booter.ForkedBooter.main(ForkedBooter.java:75)
Caused by: java.lang.NullPointerException
	at com.Admin.QA.Util.TestUtil.getRowCount(TestUtil.java:69)
	at com.Admin.QA.test.LoginPageTest.PassData(LoginPageTest.java:91)
	at sun.reflect.NativeMethodAccessorImpl.invoke0(Native Method)
	at sun.reflect.NativeMethodAccessorImpl.invoke(NativeMethodAccessorImpl.java:62)
	at sun.reflect.DelegatingMethodAccessorImpl.invoke(DelegatingMethodAccessorImpl.java:43)
	at java.lang.reflect.Method.invoke(Method.java:498)
	at org.testng.internal.MethodInvocationHelper.invokeMethod(MethodInvocationHelper.java:80)
	at org.testng.internal.MethodInvocationHelper.invokeDataProvider(MethodInvocationHelper.java:117)
	... 30 more
]]>
            </full-stacktrace>
          </exception> <!-- java.lang.RuntimeException -->
          <reporter-output>
          </reporter-output>
        </test-method> <!-- verifyloginPageTextBox -->
        <test-method status="PASS" signature="setUp()[pri:0, instance:com.Admin.QA.test.LoginPageTest@50f8360d]" name="setUp" is-config="true" duration-ms="19440" started-at="2018-10-30T17:26:20Z" finished-at="2018-10-30T17:26:39Z">
          <reporter-output>
          </reporter-output>
        </test-method> <!-- setUp -->
        <test-method status="PASS" signature="veryfylogin()[pri:0, instance:com.Admin.QA.test.LoginPageTest@50f8360d]" name="veryfylogin" duration-ms="3350" started-at="2018-10-30T17:26:39Z" finished-at="2018-10-30T17:26:43Z">
          <reporter-output>
          </reporter-output>
        </test-method> <!-- veryfylogin -->
        <test-method status="PASS" signature="tearDown(org.testng.ITestResult)[pri:0, instance:com.Admin.QA.test.LoginPageTest@50f8360d]" name="tearDown" is-config="true" duration-ms="10" started-at="2018-10-30T17:26:43Z" finished-at="2018-10-30T17:26:43Z">
          <params>
            <param index="0">
              <value>
                <![CDATA[[TestResult name=veryfylogin status=SUCCESS method=LoginPageTest.veryfylogin()[pri:0, instance:com.Admin.QA.test.LoginPageTest@50f8360d] output={null}]]]>
              </value>
            </param>
          </params>
          <reporter-output>
          </reporter-output>
        </test-method> <!-- tearDown -->
        <test-method status="PASS" signature="setUp()[pri:0, instance:com.Admin.QA.test.LoginPageTest@50f8360d]" name="setUp" is-config="true" duration-ms="16148" started-at="2018-10-30T17:27:11Z" finished-at="2018-10-30T17:27:27Z">
          <reporter-output>
          </reporter-output>
        </test-method> <!-- setUp -->
        <test-method status="PASS" signature="verifyRegLink()[pri:0, instance:com.Admin.QA.test.LoginPageTest@50f8360d]" name="verifyRegLink" duration-ms="450" started-at="2018-10-30T17:27:27Z" finished-at="2018-10-30T17:27:27Z">
          <reporter-output>
          </reporter-output>
        </test-method> <!-- verifyRegLink -->
        <test-method status="PASS" signature="tearDown(org.testng.ITestResult)[pri:0, instance:com.Admin.QA.test.LoginPageTest@50f8360d]" name="tearDown" is-config="true" duration-ms="13" started-at="2018-10-30T17:27:27Z" finished-at="2018-10-30T17:27:27Z">
          <params>
            <param index="0">
              <value>
                <![CDATA[[TestResult name=verifyRegLink status=SUCCESS method=LoginPageTest.verifyRegLink()[pri:0, instance:com.Admin.QA.test.LoginPageTest@50f8360d] output={null}]]]>
              </value>
            </param>
          </params>
          <reporter-output>
          </reporter-output>
        </test-method> <!-- tearDown -->
      </class> <!-- com.Admin.QA.test.LoginPageTest -->
      <class name="com.Admin.QA.test.AddusersPageTest">
        <test-method status="PASS" signature="setUp()[pri:0, instance:com.Admin.QA.test.AddusersPageTest@366e2eef]" name="setUp" is-config="true" duration-ms="34102" started-at="2018-10-30T17:20:54Z" finished-at="2018-10-30T17:21:28Z">
          <reporter-output>
          </reporter-output>
        </test-method> <!-- setUp -->
        <test-method status="PASS" signature="addUserPlaceholders()[pri:0, instance:com.Admin.QA.test.AddusersPageTest@366e2eef]" name="addUserPlaceholders" duration-ms="136" started-at="2018-10-30T17:21:28Z" finished-at="2018-10-30T17:21:28Z">
          <reporter-output>
          </reporter-output>
        </test-method> <!-- addUserPlaceholders -->
        <test-method status="PASS" signature="tearDown()[pri:0, instance:com.Admin.QA.test.AddusersPageTest@366e2eef]" name="tearDown" is-config="true" duration-ms="7" started-at="2018-10-30T17:21:28Z" finished-at="2018-10-30T17:21:28Z">
          <reporter-output>
          </reporter-output>
        </test-method> <!-- tearDown -->
        <test-method status="FAIL" signature="adduserErrors(java.lang.String, java.lang.String, java.lang.String, java.lang.String, java.lang.String, java.lang.String)[pri:0, instance:com.Admin.QA.test.AddusersPageTest@366e2eef]" name="adduserErrors" duration-ms="0" started-at="2018-10-30T17:22:41Z" data-provider="TextField" finished-at="2018-10-30T17:22:41Z">
          <exception class="java.lang.RuntimeException">
            <message>
              <![CDATA[org.apache.poi.ooxml.POIXMLException: Could not initialize class org.apache.poi.ooxml.POIXMLTypeLoader]]>
            </message>
            <full-stacktrace>
              <![CDATA[java.lang.RuntimeException: org.apache.poi.ooxml.POIXMLException: Could not initialize class org.apache.poi.ooxml.POIXMLTypeLoader
	at org.testng.internal.MethodInvocationHelper.invokeDataProvider(MethodInvocationHelper.java:143)
	at org.testng.internal.Parameters.handleParameters(Parameters.java:426)
	at org.testng.internal.Invoker.handleParameters(Invoker.java:1383)
	at org.testng.internal.Invoker.createParameters(Invoker.java:1075)
	at org.testng.internal.Invoker.invokeTestMethods(Invoker.java:1180)
	at org.testng.internal.TestMethodWorker.invokeTestMethods(TestMethodWorker.java:127)
	at org.testng.internal.TestMethodWorker.run(TestMethodWorker.java:111)
	at org.testng.TestRunner.privateRun(TestRunner.java:767)
	at org.testng.TestRunner.run(TestRunner.java:617)
	at org.testng.SuiteRunner.runTest(SuiteRunner.java:334)
	at org.testng.SuiteRunner.runSequentially(SuiteRunner.java:329)
	at org.testng.SuiteRunner.privateRun(SuiteRunner.java:291)
	at org.testng.SuiteRunner.run(SuiteRunner.java:240)
	at org.testng.SuiteRunnerWorker.runSuite(SuiteRunnerWorker.java:52)
	at org.testng.SuiteRunnerWorker.run(SuiteRunnerWorker.java:86)
	at org.testng.TestNG.runSuitesSequentially(TestNG.java:1198)
	at org.testng.TestNG.runSuitesLocally(TestNG.java:1123)
	at org.testng.TestNG.run(TestNG.java:1031)
	at org.apache.maven.surefire.testng.TestNGExecutor.run(TestNGExecutor.java:77)
	at org.apache.maven.surefire.testng.TestNGDirectoryTestSuite.executeMulti(TestNGDirectoryTestSuite.java:159)
	at org.apache.maven.surefire.testng.TestNGDirectoryTestSuite.execute(TestNGDirectoryTestSuite.java:99)
	at org.apache.maven.surefire.testng.TestNGProvider.invoke(TestNGProvider.java:106)
	at sun.reflect.NativeMethodAccessorImpl.invoke0(Native Method)
	at sun.reflect.NativeMethodAccessorImpl.invoke(NativeMethodAccessorImpl.java:62)
	at sun.reflect.DelegatingMethodAccessorImpl.invoke(DelegatingMethodAccessorImpl.java:43)
	at java.lang.reflect.Method.invoke(Method.java:498)
	at org.apache.maven.surefire.util.ReflectionUtils.invokeMethodWithArray(ReflectionUtils.java:189)
	at org.apache.maven.surefire.booter.ProviderFactory$ProviderProxy.invoke(ProviderFactory.java:165)
	at org.apache.maven.surefire.booter.ProviderFactory.invokeProvider(ProviderFactory.java:85)
	at org.apache.maven.surefire.booter.ForkedBooter.runSuitesInProcess(ForkedBooter.java:115)
	at org.apache.maven.surefire.booter.ForkedBooter.main(ForkedBooter.java:75)
Caused by: org.apache.poi.ooxml.POIXMLException: Could not initialize class org.apache.poi.ooxml.POIXMLTypeLoader
	at org.apache.poi.ooxml.POIXMLFactory.createDocumentPart(POIXMLFactory.java:66)
	at org.apache.poi.ooxml.POIXMLDocumentPart.read(POIXMLDocumentPart.java:648)
	at org.apache.poi.ooxml.POIXMLDocument.load(POIXMLDocument.java:180)
	at org.apache.poi.xssf.usermodel.XSSFWorkbook.<init>(XSSFWorkbook.java:286)
	at org.apache.poi.xssf.usermodel.XSSFWorkbookFactory.createWorkbook(XSSFWorkbookFactory.java:83)
	at org.apache.poi.xssf.usermodel.XSSFWorkbookFactory.createWorkbook(XSSFWorkbookFactory.java:130)
	at sun.reflect.NativeMethodAccessorImpl.invoke0(Native Method)
	at sun.reflect.NativeMethodAccessorImpl.invoke(NativeMethodAccessorImpl.java:62)
	at sun.reflect.DelegatingMethodAccessorImpl.invoke(DelegatingMethodAccessorImpl.java:43)
	at java.lang.reflect.Method.invoke(Method.java:498)
	at org.apache.poi.ss.usermodel.WorkbookFactory.createWorkbook(WorkbookFactory.java:314)
	at org.apache.poi.ss.usermodel.WorkbookFactory.createXSSFWorkbook(WorkbookFactory.java:296)
	at org.apache.poi.ss.usermodel.WorkbookFactory.create(WorkbookFactory.java:214)
	at org.apache.poi.ss.usermodel.WorkbookFactory.create(WorkbookFactory.java:180)
	at com.Admin.QA.Util.TestUtil.getTestData(TestUtil.java:117)
	at com.Admin.QA.test.AddusersPageTest.PassData(AddusersPageTest.java:76)
	at sun.reflect.NativeMethodAccessorImpl.invoke0(Native Method)
	at sun.reflect.NativeMethodAccessorImpl.invoke(NativeMethodAccessorImpl.java:62)
	at sun.reflect.DelegatingMethodAccessorImpl.invoke(DelegatingMethodAccessorImpl.java:43)
	at java.lang.reflect.Method.invoke(Method.java:498)
	at org.testng.internal.MethodInvocationHelper.invokeMethod(MethodInvocationHelper.java:80)
	at org.testng.internal.MethodInvocationHelper.invokeDataProvider(MethodInvocationHelper.java:117)
	... 30 more
Caused by: java.lang.reflect.InvocationTargetException
	at sun.reflect.NativeConstructorAccessorImpl.newInstance0(Native Method)
	at sun.reflect.NativeConstructorAccessorImpl.newInstance(NativeConstructorAccessorImpl.java:62)
	at sun.reflect.DelegatingConstructorAccessorImpl.newInstance(DelegatingConstructorAccessorImpl.java:45)
	at java.lang.reflect.Constructor.newInstance(Constructor.java:423)
	at org.apache.poi.xssf.usermodel.XSSFFactory.createDocumentPart(XSSFFactory.java:56)
	at org.apache.poi.ooxml.POIXMLFactory.createDocumentPart(POIXMLFactory.java:63)
	... 51 more
Caused by: java.lang.NoClassDefFoundError: Could not initialize class org.apache.poi.ooxml.POIXMLTypeLoader
	at org.apache.poi.xssf.model.ThemesTable.<init>(ThemesTable.java:86)
	... 57 more
]]>
            </full-stacktrace>
          </exception> <!-- java.lang.RuntimeException -->
          <reporter-output>
          </reporter-output>
        </test-method> <!-- adduserErrors -->
        <test-method status="PASS" signature="setUp()[pri:0, instance:com.Admin.QA.test.AddusersPageTest@366e2eef]" name="setUp" is-config="true" duration-ms="12793" started-at="2018-10-30T17:23:31Z" finished-at="2018-10-30T17:23:44Z">
          <reporter-output>
          </reporter-output>
        </test-method> <!-- setUp -->
        <test-method status="PASS" signature="validateCancelBtn()[pri:0, instance:com.Admin.QA.test.AddusersPageTest@366e2eef]" name="validateCancelBtn" duration-ms="279" started-at="2018-10-30T17:23:44Z" finished-at="2018-10-30T17:23:44Z">
          <reporter-output>
          </reporter-output>
        </test-method> <!-- validateCancelBtn -->
        <test-method status="PASS" signature="tearDown()[pri:0, instance:com.Admin.QA.test.AddusersPageTest@366e2eef]" name="tearDown" is-config="true" duration-ms="5" started-at="2018-10-30T17:23:44Z" finished-at="2018-10-30T17:23:44Z">
          <reporter-output>
          </reporter-output>
        </test-method> <!-- tearDown -->
      </class> <!-- com.Admin.QA.test.AddusersPageTest -->
      <class name="com.Admin.QA.test.DashboardPageTest">
        <test-method status="PASS" signature="setUp()[pri:0, instance:com.Admin.QA.test.DashboardPageTest@61dc03ce]" name="setUp" is-config="true" duration-ms="20490" started-at="2018-10-30T17:21:28Z" finished-at="2018-10-30T17:21:49Z">
          <reporter-output>
          </reporter-output>
        </test-method> <!-- setUp -->
        <test-method status="PASS" signature="verifyDashboardTitle()[pri:0, instance:com.Admin.QA.test.DashboardPageTest@61dc03ce]" name="verifyDashboardTitle" duration-ms="13" started-at="2018-10-30T17:21:49Z" finished-at="2018-10-30T17:21:49Z">
          <reporter-output>
          </reporter-output>
        </test-method> <!-- verifyDashboardTitle -->
        <test-method status="PASS" signature="teardown()[pri:0, instance:com.Admin.QA.test.DashboardPageTest@61dc03ce]" name="teardown" is-config="true" duration-ms="13" started-at="2018-10-30T17:21:49Z" finished-at="2018-10-30T17:21:49Z">
          <reporter-output>
          </reporter-output>
        </test-method> <!-- teardown -->
        <test-method status="PASS" signature="setUp()[pri:0, instance:com.Admin.QA.test.DashboardPageTest@61dc03ce]" name="setUp" is-config="true" duration-ms="16190" started-at="2018-10-30T17:22:41Z" finished-at="2018-10-30T17:22:57Z">
          <reporter-output>
          </reporter-output>
        </test-method> <!-- setUp -->
        <test-method status="PASS" signature="validateUsersLink()[pri:0, instance:com.Admin.QA.test.DashboardPageTest@61dc03ce]" name="validateUsersLink" duration-ms="359" started-at="2018-10-30T17:22:57Z" finished-at="2018-10-30T17:22:58Z">
          <reporter-output>
          </reporter-output>
        </test-method> <!-- validateUsersLink -->
        <test-method status="PASS" signature="teardown()[pri:0, instance:com.Admin.QA.test.DashboardPageTest@61dc03ce]" name="teardown" is-config="true" duration-ms="9" started-at="2018-10-30T17:22:58Z" finished-at="2018-10-30T17:22:58Z">
          <reporter-output>
          </reporter-output>
        </test-method> <!-- teardown -->
        <test-method status="PASS" signature="setUp()[pri:0, instance:com.Admin.QA.test.DashboardPageTest@61dc03ce]" name="setUp" is-config="true" duration-ms="17317" started-at="2018-10-30T17:23:44Z" finished-at="2018-10-30T17:24:02Z">
          <reporter-output>
          </reporter-output>
        </test-method> <!-- setUp -->
        <test-method status="PASS" signature="validateOperatorLink()[pri:0, instance:com.Admin.QA.test.DashboardPageTest@61dc03ce]" name="validateOperatorLink" duration-ms="588" started-at="2018-10-30T17:24:02Z" finished-at="2018-10-30T17:24:02Z">
          <reporter-output>
          </reporter-output>
        </test-method> <!-- validateOperatorLink -->
        <test-method status="PASS" signature="teardown()[pri:0, instance:com.Admin.QA.test.DashboardPageTest@61dc03ce]" name="teardown" is-config="true" duration-ms="7" started-at="2018-10-30T17:24:02Z" finished-at="2018-10-30T17:24:02Z">
          <reporter-output>
          </reporter-output>
        </test-method> <!-- teardown -->
        <test-method status="PASS" signature="setUp()[pri:0, instance:com.Admin.QA.test.DashboardPageTest@61dc03ce]" name="setUp" is-config="true" duration-ms="17430" started-at="2018-10-30T17:24:26Z" finished-at="2018-10-30T17:24:44Z">
          <reporter-output>
          </reporter-output>
        </test-method> <!-- setUp -->
        <test-method status="PASS" signature="validateCopyright()[pri:0, instance:com.Admin.QA.test.DashboardPageTest@61dc03ce]" name="validateCopyright" duration-ms="50" started-at="2018-10-30T17:24:44Z" finished-at="2018-10-30T17:24:44Z">
          <reporter-output>
          </reporter-output>
        </test-method> <!-- validateCopyright -->
        <test-method status="PASS" signature="teardown()[pri:0, instance:com.Admin.QA.test.DashboardPageTest@61dc03ce]" name="teardown" is-config="true" duration-ms="5" started-at="2018-10-30T17:24:44Z" finished-at="2018-10-30T17:24:44Z">
          <reporter-output>
          </reporter-output>
        </test-method> <!-- teardown -->
        <test-method status="PASS" signature="setUp()[pri:0, instance:com.Admin.QA.test.DashboardPageTest@61dc03ce]" name="setUp" is-config="true" duration-ms="17461" started-at="2018-10-30T17:25:24Z" finished-at="2018-10-30T17:25:42Z">
          <reporter-output>
          </reporter-output>
        </test-method> <!-- setUp -->
        <test-method status="PASS" signature="validateVersion()[pri:0, instance:com.Admin.QA.test.DashboardPageTest@61dc03ce]" name="validateVersion" duration-ms="186" started-at="2018-10-30T17:25:42Z" finished-at="2018-10-30T17:25:42Z">
          <reporter-output>
          </reporter-output>
        </test-method> <!-- validateVersion -->
        <test-method status="PASS" signature="teardown()[pri:0, instance:com.Admin.QA.test.DashboardPageTest@61dc03ce]" name="teardown" is-config="true" duration-ms="5" started-at="2018-10-30T17:25:42Z" finished-at="2018-10-30T17:25:42Z">
          <reporter-output>
          </reporter-output>
        </test-method> <!-- teardown -->
        <test-method status="PASS" signature="setUp()[pri:0, instance:com.Admin.QA.test.DashboardPageTest@61dc03ce]" name="setUp" is-config="true" duration-ms="20437" started-at="2018-10-30T17:26:00Z" finished-at="2018-10-30T17:26:20Z">
          <reporter-output>
          </reporter-output>
        </test-method> <!-- setUp -->
        <test-method status="PASS" signature="teardown()[pri:0, instance:com.Admin.QA.test.DashboardPageTest@61dc03ce]" name="teardown" is-config="true" duration-ms="8" started-at="2018-10-30T17:26:20Z" finished-at="2018-10-30T17:26:20Z">
          <reporter-output>
          </reporter-output>
        </test-method> <!-- teardown -->
        <test-method status="PASS" signature="validateMenu()[pri:0, instance:com.Admin.QA.test.DashboardPageTest@61dc03ce]" name="validateMenu" duration-ms="0" started-at="2018-10-30T17:26:20Z" finished-at="2018-10-30T17:26:20Z">
          <reporter-output>
          </reporter-output>
        </test-method> <!-- validateMenu -->
      </class> <!-- com.Admin.QA.test.DashboardPageTest -->
      <class name="com.Admin.QA.test.UsersPageTest">
        <test-method status="PASS" signature="setup()[pri:0, instance:com.Admin.QA.test.UsersPageTest@234bef66]" name="setup" is-config="true" duration-ms="16617" started-at="2018-10-30T17:22:23Z" finished-at="2018-10-30T17:22:40Z">
          <reporter-output>
          </reporter-output>
        </test-method> <!-- setup -->
        <test-method status="PASS" signature="ValidateUsersTable()[pri:0, instance:com.Admin.QA.test.UsersPageTest@234bef66]" name="ValidateUsersTable" duration-ms="896" started-at="2018-10-30T17:22:40Z" finished-at="2018-10-30T17:22:41Z">
          <reporter-output>
          </reporter-output>
        </test-method> <!-- ValidateUsersTable -->
        <test-method status="PASS" signature="teardown()[pri:0, instance:com.Admin.QA.test.UsersPageTest@234bef66]" name="teardown" is-config="true" duration-ms="8" started-at="2018-10-30T17:22:41Z" finished-at="2018-10-30T17:22:41Z">
          <reporter-output>
          </reporter-output>
        </test-method> <!-- teardown -->
      </class> <!-- com.Admin.QA.test.UsersPageTest -->
      <class name="com.Admin.QA.test.RegistrationPageTest">
        <test-method status="PASS" signature="setup()[pri:0, instance:com.Admin.QA.test.RegistrationPageTest@737996a0]" name="setup" is-config="true" duration-ms="13705" started-at="2018-10-30T17:22:09Z" finished-at="2018-10-30T17:22:23Z">
          <reporter-output>
          </reporter-output>
        </test-method> <!-- setup -->
        <test-method status="PASS" signature="verifyPageTitle()[pri:0, instance:com.Admin.QA.test.RegistrationPageTest@737996a0]" name="verifyPageTitle" duration-ms="266" started-at="2018-10-30T17:22:23Z" finished-at="2018-10-30T17:22:23Z">
          <reporter-output>
          </reporter-output>
        </test-method> <!-- verifyPageTitle -->
        <test-method status="PASS" signature="tearDown()[pri:0, instance:com.Admin.QA.test.RegistrationPageTest@737996a0]" name="tearDown" is-config="true" duration-ms="7" started-at="2018-10-30T17:22:23Z" finished-at="2018-10-30T17:22:23Z">
          <reporter-output>
          </reporter-output>
        </test-method> <!-- tearDown -->
        <test-method status="PASS" signature="setup()[pri:0, instance:com.Admin.QA.test.RegistrationPageTest@737996a0]" name="setup" is-config="true" duration-ms="17524" started-at="2018-10-30T17:23:14Z" finished-at="2018-10-30T17:23:31Z">
          <reporter-output>
          </reporter-output>
        </test-method> <!-- setup -->
        <test-method status="PASS" signature="verifySubTitle()[pri:0, instance:com.Admin.QA.test.RegistrationPageTest@737996a0]" name="verifySubTitle" duration-ms="40" started-at="2018-10-30T17:23:31Z" finished-at="2018-10-30T17:23:31Z">
          <reporter-output>
          </reporter-output>
        </test-method> <!-- verifySubTitle -->
        <test-method status="PASS" signature="tearDown()[pri:0, instance:com.Admin.QA.test.RegistrationPageTest@737996a0]" name="tearDown" is-config="true" duration-ms="6" started-at="2018-10-30T17:23:31Z" finished-at="2018-10-30T17:23:31Z">
          <reporter-output>
          </reporter-output>
        </test-method> <!-- tearDown -->
        <test-method status="PASS" signature="setup()[pri:0, instance:com.Admin.QA.test.RegistrationPageTest@737996a0]" name="setup" is-config="true" duration-ms="12045" started-at="2018-10-30T17:24:14Z" finished-at="2018-10-30T17:24:26Z">
          <reporter-output>
          </reporter-output>
        </test-method> <!-- setup -->
        <test-method status="FAIL" signature="verifyLabel()[pri:0, instance:com.Admin.QA.test.RegistrationPageTest@737996a0]" name="verifyLabel" duration-ms="36" started-at="2018-10-30T17:24:26Z" finished-at="2018-10-30T17:24:26Z">
          <exception class="java.lang.AssertionError">
            <message>
              <![CDATA[expected [Register a new membershi] but found [Register a new membership]]]>
            </message>
            <full-stacktrace>
              <![CDATA[java.lang.AssertionError: expected [Register a new membershi] but found [Register a new membership]
	at org.testng.Assert.fail(Assert.java:94)
	at org.testng.Assert.failNotEquals(Assert.java:494)
	at org.testng.Assert.assertEquals(Assert.java:123)
	at org.testng.Assert.assertEquals(Assert.java:176)
	at org.testng.Assert.assertEquals(Assert.java:186)
	at com.Admin.QA.test.RegistrationPageTest.verifyLabel(RegistrationPageTest.java:49)
	at sun.reflect.NativeMethodAccessorImpl.invoke0(Native Method)
	at sun.reflect.NativeMethodAccessorImpl.invoke(NativeMethodAccessorImpl.java:62)
	at sun.reflect.DelegatingMethodAccessorImpl.invoke(DelegatingMethodAccessorImpl.java:43)
	at java.lang.reflect.Method.invoke(Method.java:498)
	at org.testng.internal.MethodInvocationHelper.invokeMethod(MethodInvocationHelper.java:80)
	at org.testng.internal.Invoker.invokeMethod(Invoker.java:714)
	at org.testng.internal.Invoker.invokeTestMethod(Invoker.java:901)
	at org.testng.internal.Invoker.invokeTestMethods(Invoker.java:1231)
	at org.testng.internal.TestMethodWorker.invokeTestMethods(TestMethodWorker.java:127)
	at org.testng.internal.TestMethodWorker.run(TestMethodWorker.java:111)
	at org.testng.TestRunner.privateRun(TestRunner.java:767)
	at org.testng.TestRunner.run(TestRunner.java:617)
	at org.testng.SuiteRunner.runTest(SuiteRunner.java:334)
	at org.testng.SuiteRunner.runSequentially(SuiteRunner.java:329)
	at org.testng.SuiteRunner.privateRun(SuiteRunner.java:291)
	at org.testng.SuiteRunner.run(SuiteRunner.java:240)
	at org.testng.SuiteRunnerWorker.runSuite(SuiteRunnerWorker.java:52)
	at org.testng.SuiteRunnerWorker.run(SuiteRunnerWorker.java:86)
	at org.testng.TestNG.runSuitesSequentially(TestNG.java:1198)
	at org.testng.TestNG.runSuitesLocally(TestNG.java:1123)
	at org.testng.TestNG.run(TestNG.java:1031)
	at org.apache.maven.surefire.testng.TestNGExecutor.run(TestNGExecutor.java:77)
	at org.apache.maven.surefire.testng.TestNGDirectoryTestSuite.executeMulti(TestNGDirectoryTestSuite.java:159)
	at org.apache.maven.surefire.testng.TestNGDirectoryTestSuite.execute(TestNGDirectoryTestSuite.java:99)
	at org.apache.maven.surefire.testng.TestNGProvider.invoke(TestNGProvider.java:106)
	at sun.reflect.NativeMethodAccessorImpl.invoke0(Native Method)
	at sun.reflect.NativeMethodAccessorImpl.invoke(NativeMethodAccessorImpl.java:62)
	at sun.reflect.DelegatingMethodAccessorImpl.invoke(DelegatingMethodAccessorImpl.java:43)
	at java.lang.reflect.Method.invoke(Method.java:498)
	at org.apache.maven.surefire.util.ReflectionUtils.invokeMethodWithArray(ReflectionUtils.java:189)
	at org.apache.maven.surefire.booter.ProviderFactory$ProviderProxy.invoke(ProviderFactory.java:165)
	at org.apache.maven.surefire.booter.ProviderFactory.invokeProvider(ProviderFactory.java:85)
	at org.apache.maven.surefire.booter.ForkedBooter.runSuitesInProcess(ForkedBooter.java:115)
	at org.apache.maven.surefire.booter.ForkedBooter.main(ForkedBooter.java:75)
]]>
            </full-stacktrace>
          </exception> <!-- java.lang.AssertionError -->
          <reporter-output>
          </reporter-output>
        </test-method> <!-- verifyLabel -->
        <test-method status="PASS" signature="tearDown()[pri:0, instance:com.Admin.QA.test.RegistrationPageTest@737996a0]" name="tearDown" is-config="true" duration-ms="6" started-at="2018-10-30T17:24:26Z" finished-at="2018-10-30T17:24:26Z">
          <reporter-output>
          </reporter-output>
        </test-method> <!-- tearDown -->
        <test-method status="PASS" signature="setup()[pri:0, instance:com.Admin.QA.test.RegistrationPageTest@737996a0]" name="setup" is-config="true" duration-ms="17167" started-at="2018-10-30T17:25:07Z" finished-at="2018-10-30T17:25:24Z">
          <reporter-output>
          </reporter-output>
        </test-method> <!-- setup -->
        <test-method status="FAIL" signature="verifyPaceholders()[pri:0, instance:com.Admin.QA.test.RegistrationPageTest@737996a0]" name="verifyPaceholders" duration-ms="76" started-at="2018-10-30T17:25:24Z" finished-at="2018-10-30T17:25:24Z">
          <exception class="java.lang.AssertionError">
            <message>
              <![CDATA[The following asserts failed:
null]]>
            </message>
            <full-stacktrace>
              <![CDATA[java.lang.AssertionError: The following asserts failed:
null
	at org.testng.asserts.SoftAssert.assertAll(SoftAssert.java:37)
	at com.Admin.QA.test.RegistrationPageTest.verifyPaceholders(RegistrationPageTest.java:69)
	at sun.reflect.NativeMethodAccessorImpl.invoke0(Native Method)
	at sun.reflect.NativeMethodAccessorImpl.invoke(NativeMethodAccessorImpl.java:62)
	at sun.reflect.DelegatingMethodAccessorImpl.invoke(DelegatingMethodAccessorImpl.java:43)
	at java.lang.reflect.Method.invoke(Method.java:498)
	at org.testng.internal.MethodInvocationHelper.invokeMethod(MethodInvocationHelper.java:80)
	at org.testng.internal.Invoker.invokeMethod(Invoker.java:714)
	at org.testng.internal.Invoker.invokeTestMethod(Invoker.java:901)
	at org.testng.internal.Invoker.invokeTestMethods(Invoker.java:1231)
	at org.testng.internal.TestMethodWorker.invokeTestMethods(TestMethodWorker.java:127)
	at org.testng.internal.TestMethodWorker.run(TestMethodWorker.java:111)
	at org.testng.TestRunner.privateRun(TestRunner.java:767)
	at org.testng.TestRunner.run(TestRunner.java:617)
	at org.testng.SuiteRunner.runTest(SuiteRunner.java:334)
	at org.testng.SuiteRunner.runSequentially(SuiteRunner.java:329)
	at org.testng.SuiteRunner.privateRun(SuiteRunner.java:291)
	at org.testng.SuiteRunner.run(SuiteRunner.java:240)
	at org.testng.SuiteRunnerWorker.runSuite(SuiteRunnerWorker.java:52)
	at org.testng.SuiteRunnerWorker.run(SuiteRunnerWorker.java:86)
	at org.testng.TestNG.runSuitesSequentially(TestNG.java:1198)
	at org.testng.TestNG.runSuitesLocally(TestNG.java:1123)
	at org.testng.TestNG.run(TestNG.java:1031)
	at org.apache.maven.surefire.testng.TestNGExecutor.run(TestNGExecutor.java:77)
	at org.apache.maven.surefire.testng.TestNGDirectoryTestSuite.executeMulti(TestNGDirectoryTestSuite.java:159)
	at org.apache.maven.surefire.testng.TestNGDirectoryTestSuite.execute(TestNGDirectoryTestSuite.java:99)
	at org.apache.maven.surefire.testng.TestNGProvider.invoke(TestNGProvider.java:106)
	at sun.reflect.NativeMethodAccessorImpl.invoke0(Native Method)
	at sun.reflect.NativeMethodAccessorImpl.invoke(NativeMethodAccessorImpl.java:62)
	at sun.reflect.DelegatingMethodAccessorImpl.invoke(DelegatingMethodAccessorImpl.java:43)
	at java.lang.reflect.Method.invoke(Method.java:498)
	at org.apache.maven.surefire.util.ReflectionUtils.invokeMethodWithArray(ReflectionUtils.java:189)
	at org.apache.maven.surefire.booter.ProviderFactory$ProviderProxy.invoke(ProviderFactory.java:165)
	at org.apache.maven.surefire.booter.ProviderFactory.invokeProvider(ProviderFactory.java:85)
	at org.apache.maven.surefire.booter.ForkedBooter.runSuitesInProcess(ForkedBooter.java:115)
	at org.apache.maven.surefire.booter.ForkedBooter.main(ForkedBooter.java:75)
]]>
            </full-stacktrace>
          </exception> <!-- java.lang.AssertionError -->
          <reporter-output>
          </reporter-output>
        </test-method> <!-- verifyPaceholders -->
        <test-method status="PASS" signature="tearDown()[pri:0, instance:com.Admin.QA.test.RegistrationPageTest@737996a0]" name="tearDown" is-config="true" duration-ms="10" started-at="2018-10-30T17:25:24Z" finished-at="2018-10-30T17:25:24Z">
          <reporter-output>
          </reporter-output>
        </test-method> <!-- tearDown -->
        <test-method status="PASS" signature="setup()[pri:0, instance:com.Admin.QA.test.RegistrationPageTest@737996a0]" name="setup" is-config="true" duration-ms="17233" started-at="2018-10-30T17:25:42Z" finished-at="2018-10-30T17:25:59Z">
          <reporter-output>
          </reporter-output>
        </test-method> <!-- setup -->
        <test-method status="PASS" signature="verifyErrorMsg()[pri:0, instance:com.Admin.QA.test.RegistrationPageTest@737996a0]" name="verifyErrorMsg" duration-ms="328" started-at="2018-10-30T17:25:59Z" finished-at="2018-10-30T17:26:00Z">
          <reporter-output>
          </reporter-output>
        </test-method> <!-- verifyErrorMsg -->
        <test-method status="PASS" signature="tearDown()[pri:0, instance:com.Admin.QA.test.RegistrationPageTest@737996a0]" name="tearDown" is-config="true" duration-ms="5" started-at="2018-10-30T17:26:00Z" finished-at="2018-10-30T17:26:00Z">
          <reporter-output>
          </reporter-output>
        </test-method> <!-- tearDown -->
        <test-method status="PASS" signature="setup()[pri:0, instance:com.Admin.QA.test.RegistrationPageTest@737996a0]" name="setup" is-config="true" duration-ms="18115" started-at="2018-10-30T17:26:43Z" finished-at="2018-10-30T17:27:01Z">
          <reporter-output>
          </reporter-output>
        </test-method> <!-- setup -->
        <test-method status="PASS" signature="verifyRegistration()[pri:0, instance:com.Admin.QA.test.RegistrationPageTest@737996a0]" name="verifyRegistration" duration-ms="9903" started-at="2018-10-30T17:27:01Z" finished-at="2018-10-30T17:27:11Z">
          <reporter-output>
          </reporter-output>
        </test-method> <!-- verifyRegistration -->
        <test-method status="PASS" signature="tearDown()[pri:0, instance:com.Admin.QA.test.RegistrationPageTest@737996a0]" name="tearDown" is-config="true" duration-ms="6" started-at="2018-10-30T17:27:11Z" finished-at="2018-10-30T17:27:11Z">
          <reporter-output>
          </reporter-output>
        </test-method> <!-- tearDown -->
        <test-method status="PASS" signature="setup()[pri:0, instance:com.Admin.QA.test.RegistrationPageTest@737996a0]" name="setup" is-config="true" duration-ms="15942" started-at="2018-10-30T17:27:27Z" finished-at="2018-10-30T17:27:43Z">
          <reporter-output>
          </reporter-output>
        </test-method> <!-- setup -->
        <test-method status="PASS" signature="verifyAlreadyMembersLink()[pri:0, instance:com.Admin.QA.test.RegistrationPageTest@737996a0]" name="verifyAlreadyMembersLink" duration-ms="211" started-at="2018-10-30T17:27:43Z" finished-at="2018-10-30T17:27:44Z">
          <reporter-output>
          </reporter-output>
        </test-method> <!-- verifyAlreadyMembersLink -->
        <test-method status="PASS" signature="tearDown()[pri:0, instance:com.Admin.QA.test.RegistrationPageTest@737996a0]" name="tearDown" is-config="true" duration-ms="6" started-at="2018-10-30T17:27:44Z" finished-at="2018-10-30T17:27:44Z">
          <reporter-output>
          </reporter-output>
        </test-method> <!-- tearDown -->
      </class> <!-- com.Admin.QA.test.RegistrationPageTest -->
    </test> <!-- Command line test -->
  </suite> <!-- Command line suite -->
</testng-results>
