<?xml version="1.0" encoding="UTF-8"?>
<testng-results skipped="0" failed="2" total="7" passed="5">
  <reporter-output>
  </reporter-output>
  <suite name="Default suite" duration-ms="176281" started-at="2018-10-30T08:53:22Z" finished-at="2018-10-30T08:56:19Z">
    <groups>
    </groups>
    <test name="Default test" duration-ms="176281" started-at="2018-10-30T08:53:22Z" finished-at="2018-10-30T08:56:19Z">
      <class name="com.Admin.QA.test.AddusersPageTest">
        <test-method status="PASS" signature="setUp()[pri:0, instance:com.Admin.QA.test.AddusersPageTest@4667ae56]" name="setUp" is-config="true" duration-ms="80480" started-at="2018-10-30T14:23:22Z" finished-at="2018-10-30T14:24:43Z">
          <reporter-output>
          </reporter-output>
        </test-method> <!-- setUp -->
        <test-method status="PASS" signature="addUserPlaceholders()[pri:0, instance:com.Admin.QA.test.AddusersPageTest@4667ae56]" name="addUserPlaceholders" duration-ms="141" started-at="2018-10-30T14:24:43Z" finished-at="2018-10-30T14:24:43Z">
          <reporter-output>
          </reporter-output>
        </test-method> <!-- addUserPlaceholders -->
        <test-method status="PASS" signature="tearDown()[pri:0, instance:com.Admin.QA.test.AddusersPageTest@4667ae56]" name="tearDown" is-config="true" duration-ms="10" started-at="2018-10-30T14:24:43Z" finished-at="2018-10-30T14:24:43Z">
          <reporter-output>
          </reporter-output>
        </test-method> <!-- tearDown -->
        <test-method status="PASS" signature="setUp()[pri:0, instance:com.Admin.QA.test.AddusersPageTest@4667ae56]" name="setUp" is-config="true" duration-ms="10606" started-at="2018-10-30T14:24:47Z" finished-at="2018-10-30T14:24:57Z">
          <reporter-output>
          </reporter-output>
        </test-method> <!-- setUp -->
        <test-method status="PASS" signature="adduserErrors(java.lang.String, java.lang.String, java.lang.String, java.lang.String, java.lang.String, java.lang.String)[pri:0, instance:com.Admin.QA.test.AddusersPageTest@4667ae56]" name="adduserErrors" duration-ms="4166" started-at="2018-10-30T14:24:57Z" data-provider="TextField" finished-at="2018-10-30T14:25:01Z">
          <params>
            <param index="0">
              <value>
                <![CDATA[pravin]]>
              </value>
            </param>
            <param index="1">
              <value>
                <![CDATA[1213.0]]>
              </value>
            </param>
            <param index="2">
              <value>
                <![CDATA[prak@jf]]>
              </value>
            </param>
            <param index="3">
              <value>
                <![CDATA[jhjjfdhj]]>
              </value>
            </param>
            <param index="4">
              <value>
                <![CDATA[HP]]>
              </value>
            </param>
            <param index="5">
              <value>
                <![CDATA[male]]>
              </value>
            </param>
          </params>
          <reporter-output>
          </reporter-output>
        </test-method> <!-- adduserErrors -->
        <test-method status="PASS" signature="tearDown()[pri:0, instance:com.Admin.QA.test.AddusersPageTest@4667ae56]" name="tearDown" is-config="true" duration-ms="9" started-at="2018-10-30T14:25:01Z" finished-at="2018-10-30T14:25:01Z">
          <reporter-output>
          </reporter-output>
        </test-method> <!-- tearDown -->
        <test-method status="PASS" signature="setUp()[pri:0, instance:com.Admin.QA.test.AddusersPageTest@4667ae56]" name="setUp" is-config="true" duration-ms="11197" started-at="2018-10-30T14:25:01Z" finished-at="2018-10-30T14:25:13Z">
          <reporter-output>
          </reporter-output>
        </test-method> <!-- setUp -->
        <test-method status="FAIL" signature="adduserErrors(java.lang.String, java.lang.String, java.lang.String, java.lang.String, java.lang.String, java.lang.String)[pri:0, instance:com.Admin.QA.test.AddusersPageTest@4667ae56]" name="adduserErrors" duration-ms="5887" started-at="2018-10-30T14:25:13Z" data-provider="TextField" finished-at="2018-10-30T14:25:18Z">
          <params>
            <param index="0">
              <value>
                <![CDATA[jbk]]>
              </value>
            </param>
            <param index="1">
              <value>
                <![CDATA[fhbvh]]>
              </value>
            </param>
            <param index="2">
              <value>
                <![CDATA[ds@fd]]>
              </value>
            </param>
            <param index="3">
              <value>
                <![CDATA[dsd]]>
              </value>
            </param>
            <param index="4">
              <value>
                <![CDATA[Maharashtra]]>
              </value>
            </param>
            <param index="5">
              <value>
                <![CDATA[female]]>
              </value>
            </param>
          </params>
          <exception class="org.openqa.selenium.NoAlertPresentException">
            <message>
              <![CDATA[No alert is present (WARNING: The server did not provide any stacktrace information)
Command duration or timeout: 2.21 seconds
Build info: version: '3.0.0', revision: '350cf60', time: '2016-10-13 10:48:57 -0700'
System info: host: 'DELL', ip: '127.0.0.1', os.name: 'Windows 8', os.arch: 'amd64', os.version: '6.2', java.version: '1.8.0_131'
Driver info: org.openqa.selenium.firefox.FirefoxDriver
Capabilities [{applicationCacheEnabled=true, rotatable=false, handlesAlerts=true, databaseEnabled=true, version=46.0.1, platform=WINDOWS, nativeEvents=false, acceptSslCerts=true, webStorageEnabled=true, locationContextEnabled=true, browserName=firefox, takesScreenshot=true, javascriptEnabled=true, cssSelectorsEnabled=true}]
Session ID: 8925a1d7-559c-4db8-aacf-9917eaa7b52b]]>
            </message>
            <full-stacktrace>
              <![CDATA[org.openqa.selenium.NoAlertPresentException: No alert is present (WARNING: The server did not provide any stacktrace information)
Command duration or timeout: 2.21 seconds
Build info: version: '3.0.0', revision: '350cf60', time: '2016-10-13 10:48:57 -0700'
System info: host: 'DELL', ip: '127.0.0.1', os.name: 'Windows 8', os.arch: 'amd64', os.version: '6.2', java.version: '1.8.0_131'
Driver info: org.openqa.selenium.firefox.FirefoxDriver
Capabilities [{applicationCacheEnabled=true, rotatable=false, handlesAlerts=true, databaseEnabled=true, version=46.0.1, platform=WINDOWS, nativeEvents=false, acceptSslCerts=true, webStorageEnabled=true, locationContextEnabled=true, browserName=firefox, takesScreenshot=true, javascriptEnabled=true, cssSelectorsEnabled=true}]
Session ID: 8925a1d7-559c-4db8-aacf-9917eaa7b52b
	at sun.reflect.NativeConstructorAccessorImpl.newInstance0(Native Method)
	at sun.reflect.NativeConstructorAccessorImpl.newInstance(NativeConstructorAccessorImpl.java:62)
	at sun.reflect.DelegatingConstructorAccessorImpl.newInstance(DelegatingConstructorAccessorImpl.java:45)
	at java.lang.reflect.Constructor.newInstance(Constructor.java:423)
	at org.openqa.selenium.remote.ErrorHandler.createThrowable(ErrorHandler.java:216)
	at org.openqa.selenium.remote.ErrorHandler.throwIfResponseFailed(ErrorHandler.java:168)
	at org.openqa.selenium.remote.RemoteWebDriver.execute(RemoteWebDriver.java:635)
	at org.openqa.selenium.remote.RemoteWebDriver.execute(RemoteWebDriver.java:658)
	at org.openqa.selenium.remote.RemoteWebDriver$RemoteTargetLocator.alert(RemoteWebDriver.java:977)
	at com.Admin.QA.test.AddusersPageTest.adduserErrors(AddusersPageTest.java:67)
	at sun.reflect.NativeMethodAccessorImpl.invoke0(Native Method)
	at sun.reflect.NativeMethodAccessorImpl.invoke(NativeMethodAccessorImpl.java:62)
	at sun.reflect.DelegatingMethodAccessorImpl.invoke(DelegatingMethodAccessorImpl.java:43)
	at java.lang.reflect.Method.invoke(Method.java:498)
	at org.testng.internal.MethodInvocationHelper.invokeMethod(MethodInvocationHelper.java:80)
	at org.testng.internal.Invoker.invokeMethod(Invoker.java:714)
	at org.testng.internal.Invoker.invokeTestMethod(Invoker.java:901)
	at org.testng.internal.Invoker.invokeTestMethods(Invoker.java:1231)
	at org.testng.internal.TestMethodWorker.invokeTestMethods(TestMethodWorker.java:127)
	at org.testng.internal.TestMethodWorker.run(TestMethodWorker.java:111)
	at org.testng.TestRunner.privateRun(TestRunner.java:767)
	at org.testng.TestRunner.run(TestRunner.java:617)
	at org.testng.SuiteRunner.runTest(SuiteRunner.java:334)
	at org.testng.SuiteRunner.runSequentially(SuiteRunner.java:329)
	at org.testng.SuiteRunner.privateRun(SuiteRunner.java:291)
	at org.testng.SuiteRunner.run(SuiteRunner.java:240)
	at org.testng.SuiteRunnerWorker.runSuite(SuiteRunnerWorker.java:52)
	at org.testng.SuiteRunnerWorker.run(SuiteRunnerWorker.java:86)
	at org.testng.TestNG.runSuitesSequentially(TestNG.java:1198)
	at org.testng.TestNG.runSuitesLocally(TestNG.java:1123)
	at org.testng.TestNG.run(TestNG.java:1031)
	at org.testng.remote.AbstractRemoteTestNG.run(AbstractRemoteTestNG.java:132)
	at org.testng.remote.RemoteTestNG.initAndRun(RemoteTestNG.java:230)
	at org.testng.remote.RemoteTestNG.main(RemoteTestNG.java:76)
]]>
            </full-stacktrace>
          </exception> <!-- org.openqa.selenium.NoAlertPresentException -->
          <reporter-output>
          </reporter-output>
        </test-method> <!-- adduserErrors -->
        <test-method status="PASS" signature="tearDown()[pri:0, instance:com.Admin.QA.test.AddusersPageTest@4667ae56]" name="tearDown" is-config="true" duration-ms="49" started-at="2018-10-30T14:25:18Z" finished-at="2018-10-30T14:25:18Z">
          <reporter-output>
          </reporter-output>
        </test-method> <!-- tearDown -->
        <test-method status="PASS" signature="setUp()[pri:0, instance:com.Admin.QA.test.AddusersPageTest@4667ae56]" name="setUp" is-config="true" duration-ms="10826" started-at="2018-10-30T14:25:18Z" finished-at="2018-10-30T14:25:29Z">
          <reporter-output>
          </reporter-output>
        </test-method> <!-- setUp -->
        <test-method status="FAIL" signature="adduserErrors(java.lang.String, java.lang.String, java.lang.String, java.lang.String, java.lang.String, java.lang.String)[pri:0, instance:com.Admin.QA.test.AddusersPageTest@4667ae56]" name="adduserErrors" duration-ms="5658" started-at="2018-10-30T14:25:29Z" data-provider="TextField" finished-at="2018-10-30T14:25:35Z">
          <params>
            <param index="0">
              <value>
                <![CDATA[robot]]>
              </value>
            </param>
            <param index="1">
              <value>
                <![CDATA[1232.0]]>
              </value>
            </param>
            <param index="2">
              <value>
                <![CDATA[dsds]]>
              </value>
            </param>
            <param index="3">
              <value>
                <![CDATA[sdsd]]>
              </value>
            </param>
            <param index="4">
              <value>
                <![CDATA[Punjab]]>
              </value>
            </param>
            <param index="5">
              <value>
                <![CDATA[male]]>
              </value>
            </param>
          </params>
          <exception class="org.openqa.selenium.NoAlertPresentException">
            <message>
              <![CDATA[No alert is present (WARNING: The server did not provide any stacktrace information)
Command duration or timeout: 2.13 seconds
Build info: version: '3.0.0', revision: '350cf60', time: '2016-10-13 10:48:57 -0700'
System info: host: 'DELL', ip: '127.0.0.1', os.name: 'Windows 8', os.arch: 'amd64', os.version: '6.2', java.version: '1.8.0_131'
Driver info: org.openqa.selenium.firefox.FirefoxDriver
Capabilities [{applicationCacheEnabled=true, rotatable=false, handlesAlerts=true, databaseEnabled=true, version=46.0.1, platform=WINDOWS, nativeEvents=false, acceptSslCerts=true, webStorageEnabled=true, locationContextEnabled=true, browserName=firefox, takesScreenshot=true, javascriptEnabled=true, cssSelectorsEnabled=true}]
Session ID: f6cb2753-046e-4225-bf4f-f8ea6193dfd6]]>
            </message>
            <full-stacktrace>
              <![CDATA[org.openqa.selenium.NoAlertPresentException: No alert is present (WARNING: The server did not provide any stacktrace information)
Command duration or timeout: 2.13 seconds
Build info: version: '3.0.0', revision: '350cf60', time: '2016-10-13 10:48:57 -0700'
System info: host: 'DELL', ip: '127.0.0.1', os.name: 'Windows 8', os.arch: 'amd64', os.version: '6.2', java.version: '1.8.0_131'
Driver info: org.openqa.selenium.firefox.FirefoxDriver
Capabilities [{applicationCacheEnabled=true, rotatable=false, handlesAlerts=true, databaseEnabled=true, version=46.0.1, platform=WINDOWS, nativeEvents=false, acceptSslCerts=true, webStorageEnabled=true, locationContextEnabled=true, browserName=firefox, takesScreenshot=true, javascriptEnabled=true, cssSelectorsEnabled=true}]
Session ID: f6cb2753-046e-4225-bf4f-f8ea6193dfd6
	at sun.reflect.NativeConstructorAccessorImpl.newInstance0(Native Method)
	at sun.reflect.NativeConstructorAccessorImpl.newInstance(NativeConstructorAccessorImpl.java:62)
	at sun.reflect.DelegatingConstructorAccessorImpl.newInstance(DelegatingConstructorAccessorImpl.java:45)
	at java.lang.reflect.Constructor.newInstance(Constructor.java:423)
	at org.openqa.selenium.remote.ErrorHandler.createThrowable(ErrorHandler.java:216)
	at org.openqa.selenium.remote.ErrorHandler.throwIfResponseFailed(ErrorHandler.java:168)
	at org.openqa.selenium.remote.RemoteWebDriver.execute(RemoteWebDriver.java:635)
	at org.openqa.selenium.remote.RemoteWebDriver.execute(RemoteWebDriver.java:658)
	at org.openqa.selenium.remote.RemoteWebDriver$RemoteTargetLocator.alert(RemoteWebDriver.java:977)
	at com.Admin.QA.test.AddusersPageTest.adduserErrors(AddusersPageTest.java:67)
	at sun.reflect.NativeMethodAccessorImpl.invoke0(Native Method)
	at sun.reflect.NativeMethodAccessorImpl.invoke(NativeMethodAccessorImpl.java:62)
	at sun.reflect.DelegatingMethodAccessorImpl.invoke(DelegatingMethodAccessorImpl.java:43)
	at java.lang.reflect.Method.invoke(Method.java:498)
	at org.testng.internal.MethodInvocationHelper.invokeMethod(MethodInvocationHelper.java:80)
	at org.testng.internal.Invoker.invokeMethod(Invoker.java:714)
	at org.testng.internal.Invoker.invokeTestMethod(Invoker.java:901)
	at org.testng.internal.Invoker.invokeTestMethods(Invoker.java:1231)
	at org.testng.internal.TestMethodWorker.invokeTestMethods(TestMethodWorker.java:127)
	at org.testng.internal.TestMethodWorker.run(TestMethodWorker.java:111)
	at org.testng.TestRunner.privateRun(TestRunner.java:767)
	at org.testng.TestRunner.run(TestRunner.java:617)
	at org.testng.SuiteRunner.runTest(SuiteRunner.java:334)
	at org.testng.SuiteRunner.runSequentially(SuiteRunner.java:329)
	at org.testng.SuiteRunner.privateRun(SuiteRunner.java:291)
	at org.testng.SuiteRunner.run(SuiteRunner.java:240)
	at org.testng.SuiteRunnerWorker.runSuite(SuiteRunnerWorker.java:52)
	at org.testng.SuiteRunnerWorker.run(SuiteRunnerWorker.java:86)
	at org.testng.TestNG.runSuitesSequentially(TestNG.java:1198)
	at org.testng.TestNG.runSuitesLocally(TestNG.java:1123)
	at org.testng.TestNG.run(TestNG.java:1031)
	at org.testng.remote.AbstractRemoteTestNG.run(AbstractRemoteTestNG.java:132)
	at org.testng.remote.RemoteTestNG.initAndRun(RemoteTestNG.java:230)
	at org.testng.remote.RemoteTestNG.main(RemoteTestNG.java:76)
]]>
            </full-stacktrace>
          </exception> <!-- org.openqa.selenium.NoAlertPresentException -->
          <reporter-output>
          </reporter-output>
        </test-method> <!-- adduserErrors -->
        <test-method status="PASS" signature="tearDown()[pri:0, instance:com.Admin.QA.test.AddusersPageTest@4667ae56]" name="tearDown" is-config="true" duration-ms="10" started-at="2018-10-30T14:25:35Z" finished-at="2018-10-30T14:25:35Z">
          <reporter-output>
          </reporter-output>
        </test-method> <!-- tearDown -->
        <test-method status="PASS" signature="setUp()[pri:0, instance:com.Admin.QA.test.AddusersPageTest@4667ae56]" name="setUp" is-config="true" duration-ms="13962" started-at="2018-10-30T14:25:35Z" finished-at="2018-10-30T14:25:49Z">
          <reporter-output>
          </reporter-output>
        </test-method> <!-- setUp -->
        <test-method status="PASS" signature="adduserErrors(java.lang.String, java.lang.String, java.lang.String, java.lang.String, java.lang.String, java.lang.String)[pri:0, instance:com.Admin.QA.test.AddusersPageTest@4667ae56]" name="adduserErrors" duration-ms="3809" started-at="2018-10-30T14:25:49Z" data-provider="TextField" finished-at="2018-10-30T14:25:53Z">
          <params>
            <param index="0">
              <value>
                <![CDATA[ram]]>
              </value>
            </param>
            <param index="1">
              <value>
                <![CDATA[7473.0]]>
              </value>
            </param>
            <param index="2">
              <value>
                <![CDATA[hgfd@h]]>
              </value>
            </param>
            <param index="3">
              <value>
                <![CDATA[1233.0]]>
              </value>
            </param>
            <param index="4">
              <value>
                <![CDATA[Delhi]]>
              </value>
            </param>
            <param index="5">
              <value>
                <![CDATA[female]]>
              </value>
            </param>
          </params>
          <reporter-output>
          </reporter-output>
        </test-method> <!-- adduserErrors -->
        <test-method status="PASS" signature="tearDown()[pri:0, instance:com.Admin.QA.test.AddusersPageTest@4667ae56]" name="tearDown" is-config="true" duration-ms="6" started-at="2018-10-30T14:25:53Z" finished-at="2018-10-30T14:25:53Z">
          <reporter-output>
          </reporter-output>
        </test-method> <!-- tearDown -->
        <test-method status="PASS" signature="setUp()[pri:0, instance:com.Admin.QA.test.AddusersPageTest@4667ae56]" name="setUp" is-config="true" duration-ms="10973" started-at="2018-10-30T14:25:53Z" finished-at="2018-10-30T14:26:04Z">
          <reporter-output>
          </reporter-output>
        </test-method> <!-- setUp -->
        <test-method status="PASS" signature="adduserErrors(java.lang.String, java.lang.String, java.lang.String, java.lang.String, java.lang.String, java.lang.String)[pri:0, instance:com.Admin.QA.test.AddusersPageTest@4667ae56]" name="adduserErrors" duration-ms="3590" started-at="2018-10-30T14:26:04Z" data-provider="TextField" finished-at="2018-10-30T14:26:07Z">
          <params>
            <param index="0">
              <value>
                <![CDATA[12323.0]]>
              </value>
            </param>
            <param index="1">
              <value>
                <![CDATA[233.0]]>
              </value>
            </param>
            <param index="2">
              <value>
                <![CDATA[ddf@d]]>
              </value>
            </param>
            <param index="3">
              <value>
                <![CDATA[wede12]]>
              </value>
            </param>
            <param index="4">
              <value>
                <![CDATA[HP]]>
              </value>
            </param>
            <param index="5">
              <value>
                <![CDATA[male]]>
              </value>
            </param>
          </params>
          <reporter-output>
          </reporter-output>
        </test-method> <!-- adduserErrors -->
        <test-method status="PASS" signature="tearDown()[pri:0, instance:com.Admin.QA.test.AddusersPageTest@4667ae56]" name="tearDown" is-config="true" duration-ms="9" started-at="2018-10-30T14:26:07Z" finished-at="2018-10-30T14:26:07Z">
          <reporter-output>
          </reporter-output>
        </test-method> <!-- tearDown -->
        <test-method status="PASS" signature="setUp()[pri:0, instance:com.Admin.QA.test.AddusersPageTest@4667ae56]" name="setUp" is-config="true" duration-ms="10879" started-at="2018-10-30T14:26:07Z" finished-at="2018-10-30T14:26:18Z">
          <reporter-output>
          </reporter-output>
        </test-method> <!-- setUp -->
        <test-method status="PASS" signature="validateCancelBtn()[pri:0, instance:com.Admin.QA.test.AddusersPageTest@4667ae56]" name="validateCancelBtn" duration-ms="284" started-at="2018-10-30T14:26:18Z" finished-at="2018-10-30T14:26:18Z">
          <reporter-output>
          </reporter-output>
        </test-method> <!-- validateCancelBtn -->
        <test-method status="PASS" signature="tearDown()[pri:0, instance:com.Admin.QA.test.AddusersPageTest@4667ae56]" name="tearDown" is-config="true" duration-ms="7" started-at="2018-10-30T14:26:18Z" finished-at="2018-10-30T14:26:19Z">
          <reporter-output>
          </reporter-output>
        </test-method> <!-- tearDown -->
      </class> <!-- com.Admin.QA.test.AddusersPageTest -->
    </test> <!-- Default test -->
  </suite> <!-- Default suite -->
</testng-results>
