<?xml version="1.0" encoding="UTF-8"?>
<!-- Generated by org.testng.reporters.JUnitReportReporter -->
<testsuite hostname="DELL" name="com.Admin.QA.test.LoginPageTest" tests="9" failures="0" timestamp="26 Oct 2018 18:37:42 GMT" time="114.442" errors="1">
  <testcase name="loginPagetitle" time="13.549" classname="com.Admin.QA.test.LoginPageTest"/>
  <testcase name="email_placeholder" time="11.967" classname="com.Admin.QA.test.LoginPageTest"/>
  <testcase name="verifyloginPageTextBox" time="15.531" classname="com.Admin.QA.test.LoginPageTest"/>
  <testcase name="verifyloginPageTextBox" time="11.987" classname="com.Admin.QA.test.LoginPageTest"/>
  <testcase name="verifyloginPageTextBox" time="13.343" classname="com.Admin.QA.test.LoginPageTest">
    <error type="java.lang.AssertionError" message="expected [Please enter email as kiran@gmail.com] but found []">
      <![CDATA[java.lang.AssertionError: expected [Please enter email as kiran@gmail.com] but found []
	at org.testng.Assert.fail(Assert.java:94)
	at org.testng.Assert.failNotEquals(Assert.java:494)
	at org.testng.Assert.assertEquals(Assert.java:123)
	at org.testng.Assert.assertEquals(Assert.java:176)
	at org.testng.Assert.assertEquals(Assert.java:186)
	at com.Admin.QA.test.LoginPageTest.verifyloginPageTextBox(LoginPageTest.java:79)
	at sun.reflect.NativeMethodAccessorImpl.invoke0(Native Method)
	at sun.reflect.NativeMethodAccessorImpl.invoke(NativeMethodAccessorImpl.java:62)
	at sun.reflect.DelegatingMethodAccessorImpl.invoke(DelegatingMethodAccessorImpl.java:43)
	at java.lang.reflect.Method.invoke(Method.java:498)
	at org.testng.internal.MethodInvocationHelper.invokeMethod(MethodInvocationHelper.java:80)
	at org.testng.internal.Invoker.invokeMethod(Invoker.java:714)
	at org.testng.internal.Invoker.invokeTestMethod(Invoker.java:901)
	at org.testng.internal.Invoker.invokeTestMethods(Invoker.java:1231)
	at org.testng.internal.TestMethodWorker.invokeTestMethods(TestMethodWorker.java:127)
	at org.testng.internal.TestMethodWorker.run(TestMethodWorker.java:111)
	at org.testng.TestRunner.privateRun(TestRunner.java:767)
	at org.testng.TestRunner.run(TestRunner.java:617)
	at org.testng.SuiteRunner.runTest(SuiteRunner.java:334)
	at org.testng.SuiteRunner.runSequentially(SuiteRunner.java:329)
	at org.testng.SuiteRunner.privateRun(SuiteRunner.java:291)
	at org.testng.SuiteRunner.run(SuiteRunner.java:240)
	at org.testng.SuiteRunnerWorker.runSuite(SuiteRunnerWorker.java:52)
	at org.testng.SuiteRunnerWorker.run(SuiteRunnerWorker.java:86)
	at org.testng.TestNG.runSuitesSequentially(TestNG.java:1198)
	at org.testng.TestNG.runSuitesLocally(TestNG.java:1123)
	at org.testng.TestNG.run(TestNG.java:1031)
	at org.testng.remote.AbstractRemoteTestNG.run(AbstractRemoteTestNG.java:132)
	at org.testng.remote.RemoteTestNG.initAndRun(RemoteTestNG.java:230)
	at org.testng.remote.RemoteTestNG.main(RemoteTestNG.java:76)
]]>
    </error>
  </testcase> <!-- verifyloginPageTextBox -->
  <testcase name="loginpageSubTitle" time="10.700" classname="com.Admin.QA.test.LoginPageTest"/>
  <testcase name="password_placeholder" time="10.664" classname="com.Admin.QA.test.LoginPageTest"/>
  <testcase name="verifyRegLink" time="12.058" classname="com.Admin.QA.test.LoginPageTest"/>
  <testcase name="veryfylogin" time="14.643" classname="com.Admin.QA.test.LoginPageTest"/>
</testsuite> <!-- com.Admin.QA.test.LoginPageTest -->
